TN:
SF:src/App.tsx
FN:36,App
FN:39,(anonymous_1)
FN:40,(anonymous_2)
FN:51,(anonymous_3)
FNF:4
FNH:0
FNDA:0,App
FNDA:0,(anonymous_1)
FNDA:0,(anonymous_2)
FNDA:0,(anonymous_3)
DA:15,2
DA:24,2
DA:33,2
DA:34,2
DA:37,0
DA:38,0
DA:39,0
DA:40,0
DA:41,0
DA:51,0
DA:52,0
DA:53,0
DA:56,0
DA:57,0
DA:60,0
LF:15
LH:4
BRDA:38,0,0,0
BRDA:38,0,1,0
BRDA:38,0,2,0
BRDA:52,1,0,0
BRDA:52,1,1,0
BRDA:56,2,0,0
BRDA:56,2,1,0
BRDA:64,3,0,0
BRDA:64,3,1,0
BRDA:72,4,0,0
BRDA:72,4,1,0
BRDA:80,5,0,0
BRDA:80,5,1,0
BRDA:86,6,0,0
BRDA:86,6,1,0
BRDA:93,7,0,0
BRDA:93,7,1,0
BRF:17
BRH:0
end_of_record
TN:
SF:src/themes.ts
FNF:0
FNH:0
DA:10,1
DA:18,1
LF:2
LH:2
BRF:0
BRH:0
end_of_record
TN:
SF:src/components/Button.tsx
FNF:0
FNH:0
DA:3,3
LF:1
LH:1
BRF:0
BRH:0
end_of_record
TN:
SF:src/components/Instructions.tsx
FN:39,Instructions
FNF:1
FNH:0
FNDA:0,Instructions
DA:3,1
DA:16,1
DA:24,1
DA:40,0
LF:4
LH:3
BRF:0
BRH:0
end_of_record
TN:
SF:src/components/LoadingSpinner.tsx
FN:121,LoadingSpinner
FNF:1
FNH:0
FNDA:0,LoadingSpinner
DA:3,2
DA:11,2
DA:20,2
DA:115,2
DA:122,0
LF:5
LH:4
BRF:0
BRH:0
end_of_record
TN:
SF:src/components/NameDropdown.tsx
FN:35,NameDropdown
FN:41,(anonymous_1)
FN:51,(anonymous_2)
FNF:3
FNH:3
FNDA:13,NameDropdown
FNDA:39,(anonymous_1)
FNDA:4,(anonymous_2)
DA:5,4
DA:36,13
DA:40,13
DA:41,13
DA:42,39
DA:47,13
DA:52,4
DA:53,4
DA:55,4
DA:56,4
DA:57,4
LF:11
LH:11
BRF:0
BRH:0
end_of_record
TN:
SF:src/components/Navbar.tsx
FN:15,(anonymous_0)
FN:29,(anonymous_1)
FN:64,Navbar
FN:68,handleProfile
FNF:4
FNH:0
FNDA:0,(anonymous_0)
FNDA:0,(anonymous_1)
FNDA:0,Navbar
FNDA:0,handleProfile
DA:11,2
DA:15,0
DA:22,2
DA:29,0
DA:32,2
DA:38,2
DA:45,2
DA:51,2
DA:56,2
DA:65,0
DA:66,0
DA:69,0
DA:72,0
LF:13
LH:7
BRDA:29,0,0,0
BRDA:29,0,1,0
BRDA:79,1,0,0
BRDA:79,1,1,0
BRDA:80,2,0,0
BRDA:80,2,1,0
BRF:6
BRH:0
end_of_record
TN:
SF:src/components/ScoreMessage.tsx
FN:24,ScoreMessage
FNF:1
FNH:0
FNDA:0,ScoreMessage
DA:3,2
DA:12,2
DA:25,0
DA:26,0
LF:4
LH:2
BRF:0
BRH:0
end_of_record
TN:
SF:src/components/TestCountdown.tsx
FN:42,TestCountdown
FN:49,(anonymous_1)
FN:55,(anonymous_2)
FN:71,(anonymous_3)
FNF:4
FNH:4
FNDA:7,TestCountdown
FNDA:3,(anonymous_1)
FNDA:3,(anonymous_2)
FNDA:1,(anonymous_3)
DA:10,3
DA:21,3
DA:26,3
DA:40,3
DA:43,7
DA:44,7
DA:49,7
DA:50,3
DA:51,3
DA:55,3
DA:56,3
DA:57,3
DA:61,7
DA:72,1
DA:73,1
LF:15
LH:15
BRF:0
BRH:0
end_of_record
TN:
SF:src/components/ThemeSwitcher.tsx
FN:9,(anonymous_0)
FN:10,(anonymous_1)
FN:11,(anonymous_2)
FN:23,(anonymous_3)
FN:27,ThemeSwitcher
FNF:5
FNH:0
FNDA:0,(anonymous_0)
FNDA:0,(anonymous_1)
FNDA:0,(anonymous_2)
FNDA:0,(anonymous_3)
FNDA:0,ThemeSwitcher
DA:6,1
DA:9,0
DA:10,0
DA:11,0
DA:23,0
DA:28,0
DA:30,0
LF:7
LH:1
BRDA:32,0,0,0
BRDA:32,0,1,0
BRF:2
BRH:0
end_of_record
TN:
SF:src/components/ThemedAppContainer.tsx
FN:5,(anonymous_0)
FNF:1
FNH:0
FNDA:0,(anonymous_0)
DA:3,2
DA:5,0
LF:2
LH:1
BRF:0
BRH:0
end_of_record
TN:
SF:src/components/Timer.tsx
FN:27,Timer
FN:33,(anonymous_1)
FNF:2
FNH:2
FNDA:6,Timer
FNDA:12,(anonymous_1)
DA:7,3
DA:19,3
DA:28,6
DA:33,12
DA:35,6
LF:5
LH:5
BRDA:33,0,0,12
BRDA:33,0,1,0
BRF:2
BRH:1
end_of_record
TN:
SF:src/components/UserCard.tsx
FN:28,(anonymous_0)
FN:51,UserCard
FNF:2
FNH:2
FNDA:5,(anonymous_0)
FNDA:9,UserCard
DA:7,3
DA:16,3
DA:21,3
DA:27,3
DA:28,5
DA:52,9
DA:55,9
DA:64,9
DA:70,9
LF:9
LH:9
BRDA:28,0,0,1
BRDA:28,0,1,4
BRDA:64,1,0,9
BRDA:64,1,1,5
BRDA:73,2,0,1
BRDA:73,2,1,8
BRF:6
BRH:6
end_of_record
TN:
SF:src/context/AuthContext.tsx
FN:17,(anonymous_0)
FN:18,(anonymous_1)
FN:23,AuthProvider
FN:26,(anonymous_3)
FN:31,(anonymous_4)
FN:36,(anonymous_5)
FN:48,(anonymous_6)
FN:50,(anonymous_7)
FNF:8
FNH:5
FNDA:0,(anonymous_0)
FNDA:0,(anonymous_1)
FNDA:6,AuthProvider
FNDA:3,(anonymous_3)
FNDA:0,(anonymous_4)
FNDA:3,(anonymous_5)
FNDA:1,(anonymous_6)
FNDA:1,(anonymous_7)
DA:14,3
DA:17,0
DA:21,3
DA:24,6
DA:26,6
DA:27,3
DA:28,3
DA:29,0
DA:30,0
DA:31,0
DA:36,6
DA:37,3
DA:38,2
DA:39,2
DA:40,2
DA:41,2
DA:42,2
DA:44,1
DA:48,6
DA:49,1
DA:50,1
DA:53,6
LF:22
LH:18
BRDA:28,0,0,0
BRDA:28,0,1,3
BRDA:30,1,0,0
BRDA:30,1,1,0
BRDA:37,2,0,2
BRDA:37,2,1,1
BRDA:37,3,0,3
BRDA:37,3,1,3
BRF:8
BRH:5
end_of_record
TN:
SF:src/context/ThemeContext.tsx
FN:14,(anonymous_0)
FN:23,ThemeProvider
FN:26,(anonymous_2)
FNF:3
FNH:0
FNDA:0,(anonymous_0)
FNDA:0,ThemeProvider
FNDA:0,(anonymous_2)
DA:12,1
DA:21,1
DA:24,0
DA:26,0
DA:27,0
DA:30,0
LF:6
LH:2
BRDA:27,0,0,0
BRDA:27,0,1,0
BRF:2
BRH:0
end_of_record
TN:
SF:src/hooks/useAuthState.ts
FN:5,(anonymous_0)
FNF:1
FNH:1
FNDA:6,(anonymous_0)
DA:5,3
DA:6,6
DA:8,6
DA:9,0
DA:12,6
LF:5
LH:4
BRDA:8,0,0,0
BRDA:8,0,1,6
BRF:2
BRH:1
end_of_record
TN:
SF:src/hooks/useGameState.ts
FN:36,(anonymous_0)
FN:62,(anonymous_1)
FN:66,(anonymous_2)
FN:71,handleGameRestart
FN:82,handleTestCountdown
FN:89,handleTestStart
FN:94,handleTestSubmit
FN:96,(anonymous_7)
FN:97,(anonymous_8)
FN:116,handleNameEntered
FN:117,(anonymous_10)
FN:120,(anonymous_11)
FN:130,handleGameNextLevel
FN:137,(anonymous_13)
FN:141,getScore
FN:142,(anonymous_15)
FNF:16
FNH:0
FNDA:0,(anonymous_0)
FNDA:0,(anonymous_1)
FNDA:0,(anonymous_2)
FNDA:0,handleGameRestart
FNDA:0,handleTestCountdown
FNDA:0,handleTestStart
FNDA:0,handleTestSubmit
FNDA:0,(anonymous_7)
FNDA:0,(anonymous_8)
FNDA:0,handleNameEntered
FNDA:0,(anonymous_10)
FNDA:0,(anonymous_11)
FNDA:0,handleGameNextLevel
FNDA:0,(anonymous_13)
FNDA:0,getScore
FNDA:0,(anonymous_15)
DA:26,2
DA:27,2
DA:28,2
DA:29,2
DA:30,2
DA:36,2
DA:37,0
DA:38,0
DA:39,0
DA:40,0
DA:41,0
DA:42,0
DA:43,0
DA:44,0
DA:50,0
DA:55,0
DA:61,0
DA:62,0
DA:63,0
DA:66,0
DA:67,0
DA:68,0
DA:72,0
DA:73,0
DA:74,0
DA:75,0
DA:76,0
DA:77,0
DA:78,0
DA:79,0
DA:84,0
DA:85,0
DA:86,0
DA:90,0
DA:91,0
DA:96,0
DA:97,0
DA:98,0
DA:99,0
DA:100,0
DA:106,0
DA:112,0
DA:113,0
DA:117,0
DA:120,0
DA:121,0
DA:122,0
DA:124,0
DA:126,0
DA:131,0
DA:132,0
DA:133,0
DA:134,0
DA:135,0
DA:136,0
DA:137,0
DA:138,0
DA:142,0
DA:145,0
LF:59
LH:6
BRDA:38,0,0,0
BRDA:38,0,1,0
BRDA:98,1,0,0
BRDA:98,1,1,0
BRDA:121,2,0,0
BRDA:121,2,1,0
BRF:6
BRH:0
end_of_record
TN:
SF:src/hooks/useRandomUsers.ts
FN:21,(anonymous_0)
FN:29,(anonymous_1)
FN:39,(anonymous_2)
FNF:3
FNH:0
FNDA:0,(anonymous_0)
FNDA:0,(anonymous_1)
FNDA:0,(anonymous_2)
DA:19,2
DA:21,2
DA:26,0
DA:27,0
DA:29,0
DA:30,0
DA:35,0
DA:36,0
DA:37,0
DA:38,0
DA:39,0
DA:40,0
DA:41,0
DA:42,0
DA:46,0
LF:15
LH:2
BRDA:30,0,0,0
BRDA:30,0,1,0
BRF:2
BRH:0
end_of_record
TN:
SF:src/hooks/useTheme.ts
FN:5,(anonymous_0)
FNF:1
FNH:0
FNDA:0,(anonymous_0)
DA:5,1
DA:6,0
DA:8,0
DA:9,0
DA:12,0
LF:5
LH:1
BRDA:8,0,0,0
BRDA:8,0,1,0
BRF:2
BRH:0
end_of_record
TN:
SF:src/hooks/useTimer.ts
FN:3,useTimer
FN:7,(anonymous_1)
FN:11,(anonymous_2)
FN:16,(anonymous_3)
FN:20,(anonymous_4)
FN:22,(anonymous_5)
FN:30,(anonymous_6)
FNF:7
FNH:7
FNDA:23,useTimer
FNDA:7,(anonymous_1)
FNDA:3,(anonymous_2)
FNDA:21,(anonymous_3)
FNDA:7,(anonymous_4)
FNDA:6,(anonymous_5)
FNDA:12,(anonymous_6)
DA:4,23
DA:5,23
DA:7,23
DA:8,7
DA:11,23
DA:12,3
DA:13,3
DA:16,23
DA:17,21
DA:19,12
DA:20,12
DA:21,7
DA:22,6
DA:24,1
DA:25,1
DA:26,1
DA:30,12
DA:33,23
LF:18
LH:18
BRDA:17,0,0,9
BRDA:17,0,1,12
BRDA:21,1,0,6
BRDA:21,1,1,1
BRDA:21,2,0,7
BRDA:21,2,1,7
BRF:6
BRH:6
end_of_record
TN:
SF:src/routes/Login.tsx
FN:74,Login
FN:82,(anonymous_1)
FN:95,(anonymous_2)
FN:96,(anonymous_3)
FN:99,(anonymous_4)
FN:123,(anonymous_5)
FN:135,(anonymous_6)
FNF:7
FNH:0
FNDA:0,Login
FNDA:0,(anonymous_1)
FNDA:0,(anonymous_2)
FNDA:0,(anonymous_3)
FNDA:0,(anonymous_4)
FNDA:0,(anonymous_5)
FNDA:0,(anonymous_6)
DA:9,1
DA:21,1
DA:30,1
DA:34,1
DA:40,1
DA:47,1
DA:62,1
DA:75,0
DA:76,0
DA:77,0
DA:78,0
DA:79,0
DA:80,0
DA:82,0
DA:83,0
DA:84,0
DA:91,0
DA:95,0
DA:96,0
DA:99,0
DA:101,0
DA:103,0
DA:104,0
DA:108,0
DA:123,0
DA:135,0
LF:26
LH:7
BRDA:83,0,0,0
BRDA:83,0,1,0
BRDA:103,1,0,0
BRDA:103,1,1,0
BRDA:141,2,0,0
BRDA:141,2,1,0
BRF:6
BRH:0
end_of_record
TN:
SF:src/routes/PrivateRoute.tsx
FN:5,(anonymous_0)
FNF:1
FNH:0
FNDA:0,(anonymous_0)
DA:5,1
DA:6,0
DA:7,0
LF:3
LH:1
BRDA:7,0,0,0
BRDA:7,0,1,0
BRF:2
BRH:0
end_of_record
TN:
SF:src/routes/Profile.tsx
FN:42,Profile
FNF:1
FNH:0
FNDA:0,Profile
DA:6,1
DA:18,1
DA:27,1
DA:31,1
DA:37,1
DA:44,0
DA:52,0
LF:7
LH:5
BRF:0
BRH:0
end_of_record
TN:
SF:src/routes/StartMenu.tsx
FN:16,(anonymous_0)
FN:23,(anonymous_1)
FN:28,(anonymous_2)
FN:29,(anonymous_3)
FN:39,(anonymous_4)
FN:43,StartMenu
FN:47,toggleInstructions
FN:48,(anonymous_7)
FN:51,handleProfile
FN:55,handleStartGame
FNF:10
FNH:0
FNDA:0,(anonymous_0)
FNDA:0,(anonymous_1)
FNDA:0,(anonymous_2)
FNDA:0,(anonymous_3)
FNDA:0,(anonymous_4)
FNDA:0,StartMenu
FNDA:0,toggleInstructions
FNDA:0,(anonymous_7)
FNDA:0,handleProfile
FNDA:0,handleStartGame
DA:9,1
DA:16,0
DA:19,1
DA:23,0
DA:26,1
DA:28,0
DA:29,0
DA:39,0
DA:44,0
DA:45,0
DA:48,0
DA:52,0
DA:56,0
DA:59,0
LF:14
LH:3
BRDA:72,0,0,0
BRDA:72,0,1,0
BRF:2
BRH:0
end_of_record
TN:
SF:src/utils/apiHelper.ts
FN:5,tryFetchData
FNF:1
FNH:0
FNDA:0,tryFetchData
DA:6,0
DA:7,0
DA:8,0
DA:9,0
DA:11,0
DA:13,0
DA:14,0
LF:7
LH:0
BRDA:5,0,0,0
BRDA:8,1,0,0
BRDA:8,1,1,0
BRF:3
BRH:0
end_of_record
TN:
SF:src/utils/manipulation.ts
FN:3,shuffleArray
FN:25,getDistinctUsers
FNF:2
FNH:2
FNDA:1,shuffleArray
FNDA:2,getDistinctUsers
DA:4,1
DA:5,1
DA:6,4
DA:7,4
DA:9,1
DA:28,2
DA:29,2
DA:31,2
DA:32,8
DA:35,8
DA:36,3
DA:38,5
DA:39,5
DA:41,5
DA:42,1
DA:45,2
LF:16
LH:16
BRDA:35,0,0,3
BRDA:35,0,1,5
BRDA:41,1,0,1
BRDA:41,1,1,4
BRF:4
BRH:4
end_of_record
