<?xml version="1.0" encoding="UTF-8"?>
<coverage generated="1710737472914" clover="3.2.0">
  <project timestamp="1710737472914" name="All files">
    <metrics statements="379" coveredstatements="311" conditionals="85" coveredconditionals="58" methods="101" coveredmethods="69" elements="565" coveredelements="438" complexity="0" loc="379" ncloc="379" packages="10" files="36" classes="36"/>
    <package name="src">
      <metrics statements="23" coveredstatements="23" conditionals="17" coveredconditionals="13" methods="5" coveredmethods="5"/>
      <file name="App.tsx" path="/Users/ahmed/WebstormProjects/memory-mania/client/src/App.tsx">
        <metrics statements="19" coveredstatements="19" conditionals="15" coveredconditionals="12" methods="5" coveredmethods="5"/>
        <line num="15" count="6" type="stmt"/>
        <line num="22" count="6" type="stmt"/>
        <line num="24" count="6" type="stmt"/>
        <line num="31" count="6" type="stmt"/>
        <line num="33" count="6" type="stmt"/>
        <line num="34" count="6" type="stmt"/>
        <line num="36" count="18" type="stmt"/>
        <line num="37" count="18" type="stmt"/>
        <line num="38" count="18" type="cond" truecount="3" falsecount="0"/>
        <line num="39" count="42" type="stmt"/>
        <line num="40" count="18" type="stmt"/>
        <line num="41" count="42" type="stmt"/>
        <line num="51" count="18" type="stmt"/>
        <line num="52" count="10" type="cond" truecount="1" falsecount="0"/>
        <line num="53" count="2" type="stmt"/>
        <line num="56" count="18" type="cond" truecount="1" falsecount="0"/>
        <line num="57" count="4" type="stmt"/>
        <line num="60" count="14" type="stmt"/>
        <line num="104" count="6" type="stmt"/>
      </file>
      <file name="main.tsx" path="/Users/ahmed/WebstormProjects/memory-mania/client/src/main.tsx">
        <metrics statements="2" coveredstatements="2" conditionals="2" coveredconditionals="1" methods="0" coveredmethods="0"/>
        <line num="15" count="6" type="cond" truecount="1" falsecount="1"/>
        <line num="17" count="6" type="stmt"/>
      </file>
      <file name="themes.ts" path="/Users/ahmed/WebstormProjects/memory-mania/client/src/themes.ts">
        <metrics statements="2" coveredstatements="2" conditionals="0" coveredconditionals="0" methods="0" coveredmethods="0"/>
        <line num="10" count="6" type="stmt"/>
        <line num="18" count="6" type="stmt"/>
      </file>
    </package>
    <package name="src.components">
      <metrics statements="125" coveredstatements="113" conditionals="31" coveredconditionals="26" methods="31" coveredmethods="25"/>
      <file name="Button.tsx" path="/Users/ahmed/WebstormProjects/memory-mania/client/src/components/Button.tsx">
        <metrics statements="1" coveredstatements="1" conditionals="0" coveredconditionals="0" methods="0" coveredmethods="0"/>
        <line num="3" count="6" type="stmt"/>
      </file>
      <file name="Instructions.tsx" path="/Users/ahmed/WebstormProjects/memory-mania/client/src/components/Instructions.tsx">
        <metrics statements="10" coveredstatements="9" conditionals="3" coveredconditionals="3" methods="2" coveredmethods="1"/>
        <line num="1" count="66" type="cond" truecount="3" falsecount="0"/>
        <line num="3" count="6" type="stmt"/>
        <line num="14" count="6" type="stmt"/>
        <line num="16" count="6" type="stmt"/>
        <line num="22" count="6" type="stmt"/>
        <line num="24" count="6" type="stmt"/>
        <line num="33" count="6" type="stmt"/>
        <line num="39" count="24" type="stmt"/>
        <line num="40" count="0" type="stmt"/>
        <line num="54" count="6" type="stmt"/>
      </file>
      <file name="Leaderboard.tsx" path="/Users/ahmed/WebstormProjects/memory-mania/client/src/components/Leaderboard.tsx">
        <metrics statements="0" coveredstatements="0" conditionals="0" coveredconditionals="0" methods="0" coveredmethods="0"/>
      </file>
      <file name="LoadingSpinner.tsx" path="/Users/ahmed/WebstormProjects/memory-mania/client/src/components/LoadingSpinner.tsx">
        <metrics statements="11" coveredstatements="11" conditionals="3" coveredconditionals="3" methods="2" coveredmethods="2"/>
        <line num="1" count="66" type="cond" truecount="3" falsecount="0"/>
        <line num="3" count="6" type="stmt"/>
        <line num="9" count="6" type="stmt"/>
        <line num="11" count="6" type="stmt"/>
        <line num="20" count="6" type="stmt"/>
        <line num="113" count="6" type="stmt"/>
        <line num="115" count="6" type="stmt"/>
        <line num="119" count="6" type="stmt"/>
        <line num="121" count="24" type="stmt"/>
        <line num="122" count="4" type="stmt"/>
        <line num="137" count="6" type="stmt"/>
      </file>
      <file name="NameDropdown.tsx" path="/Users/ahmed/WebstormProjects/memory-mania/client/src/components/NameDropdown.tsx">
        <metrics statements="14" coveredstatements="9" conditionals="0" coveredconditionals="0" methods="3" coveredmethods="2"/>
        <line num="5" count="6" type="stmt"/>
        <line num="19" count="6" type="stmt"/>
        <line num="35" count="12" type="stmt"/>
        <line num="36" count="12" type="stmt"/>
        <line num="40" count="12" type="stmt"/>
        <line num="41" count="12" type="stmt"/>
        <line num="42" count="36" type="stmt"/>
        <line num="47" count="12" type="stmt"/>
        <line num="52" count="0" type="stmt"/>
        <line num="53" count="0" type="stmt"/>
        <line num="55" count="0" type="stmt"/>
        <line num="56" count="0" type="stmt"/>
        <line num="57" count="0" type="stmt"/>
        <line num="63" count="6" type="stmt"/>
      </file>
      <file name="Navbar.tsx" path="/Users/ahmed/WebstormProjects/memory-mania/client/src/components/Navbar.tsx">
        <metrics statements="22" coveredstatements="21" conditionals="6" coveredconditionals="5" methods="5" coveredmethods="4"/>
        <line num="11" count="6" type="stmt"/>
        <line num="15" count="12" type="stmt"/>
        <line num="20" count="6" type="stmt"/>
        <line num="22" count="6" type="stmt"/>
        <line num="29" count="12" type="cond" truecount="2" falsecount="0"/>
        <line num="30" count="6" type="stmt"/>
        <line num="32" count="6" type="stmt"/>
        <line num="36" count="6" type="stmt"/>
        <line num="38" count="6" type="stmt"/>
        <line num="43" count="6" type="stmt"/>
        <line num="45" count="6" type="stmt"/>
        <line num="49" count="6" type="stmt"/>
        <line num="51" count="6" type="stmt"/>
        <line num="54" count="6" type="stmt"/>
        <line num="56" count="6" type="stmt"/>
        <line num="62" count="6" type="stmt"/>
        <line num="64" count="48" type="stmt"/>
        <line num="65" count="12" type="stmt"/>
        <line num="66" count="12" type="stmt"/>
        <line num="69" count="0" type="stmt"/>
        <line num="72" count="12" type="stmt"/>
        <line num="96" count="6" type="stmt"/>
      </file>
      <file name="ScoreMessage.tsx" path="/Users/ahmed/WebstormProjects/memory-mania/client/src/components/ScoreMessage.tsx">
        <metrics statements="9" coveredstatements="7" conditionals="3" coveredconditionals="3" methods="2" coveredmethods="1"/>
        <line num="1" count="60" type="cond" truecount="3" falsecount="0"/>
        <line num="3" count="6" type="stmt"/>
        <line num="10" count="6" type="stmt"/>
        <line num="12" count="6" type="stmt"/>
        <line num="16" count="6" type="stmt"/>
        <line num="24" count="18" type="stmt"/>
        <line num="25" count="0" type="stmt"/>
        <line num="26" count="0" type="stmt"/>
        <line num="31" count="6" type="stmt"/>
      </file>
      <file name="TestCountdown.tsx" path="/Users/ahmed/WebstormProjects/memory-mania/client/src/components/TestCountdown.tsx">
        <metrics statements="20" coveredstatements="18" conditionals="0" coveredconditionals="0" methods="5" coveredmethods="4"/>
        <line num="10" count="6" type="stmt"/>
        <line num="19" count="6" type="stmt"/>
        <line num="21" count="6" type="stmt"/>
        <line num="24" count="6" type="stmt"/>
        <line num="26" count="6" type="stmt"/>
        <line num="29" count="6" type="stmt"/>
        <line num="40" count="6" type="stmt"/>
        <line num="42" count="24" type="stmt"/>
        <line num="43" count="4" type="stmt"/>
        <line num="44" count="6" type="stmt"/>
        <line num="49" count="4" type="stmt"/>
        <line num="50" count="2" type="stmt"/>
        <line num="51" count="2" type="stmt"/>
        <line num="55" count="2" type="stmt"/>
        <line num="56" count="0" type="stmt"/>
        <line num="57" count="0" type="stmt"/>
        <line num="61" count="4" type="stmt"/>
        <line num="72" count="1" type="stmt"/>
        <line num="73" count="1" type="stmt"/>
        <line num="79" count="6" type="stmt"/>
      </file>
      <file name="ThemeSwitcher.tsx" path="/Users/ahmed/WebstormProjects/memory-mania/client/src/components/ThemeSwitcher.tsx">
        <metrics statements="11" coveredstatements="11" conditionals="5" coveredconditionals="4" methods="6" coveredmethods="6"/>
        <line num="1" count="54" type="cond" truecount="3" falsecount="0"/>
        <line num="6" count="6" type="stmt"/>
        <line num="9" count="18" type="stmt"/>
        <line num="10" count="18" type="stmt"/>
        <line num="11" count="18" type="stmt"/>
        <line num="23" count="18" type="stmt"/>
        <line num="25" count="6" type="stmt"/>
        <line num="27" count="12" type="stmt"/>
        <line num="28" count="18" type="stmt"/>
        <line num="30" count="18" type="stmt"/>
        <line num="35" count="6" type="stmt"/>
      </file>
      <file name="ThemedAppContainer.tsx" path="/Users/ahmed/WebstormProjects/memory-mania/client/src/components/ThemedAppContainer.tsx">
        <metrics statements="2" coveredstatements="2" conditionals="0" coveredconditionals="0" methods="1" coveredmethods="1"/>
        <line num="3" count="6" type="stmt"/>
        <line num="5" count="12" type="stmt"/>
      </file>
      <file name="Timer.tsx" path="/Users/ahmed/WebstormProjects/memory-mania/client/src/components/Timer.tsx">
        <metrics statements="10" coveredstatements="10" conditionals="5" coveredconditionals="5" methods="3" coveredmethods="3"/>
        <line num="1" count="60" type="cond" truecount="3" falsecount="0"/>
        <line num="7" count="6" type="stmt"/>
        <line num="17" count="6" type="stmt"/>
        <line num="19" count="6" type="stmt"/>
        <line num="21" count="6" type="stmt"/>
        <line num="27" count="18" type="stmt"/>
        <line num="28" count="12" type="stmt"/>
        <line num="33" count="24" type="cond" truecount="2" falsecount="0"/>
        <line num="35" count="12" type="stmt"/>
        <line num="42" count="6" type="stmt"/>
      </file>
      <file name="UserCard.tsx" path="/Users/ahmed/WebstormProjects/memory-mania/client/src/components/UserCard.tsx">
        <metrics statements="15" coveredstatements="14" conditionals="6" coveredconditionals="3" methods="2" coveredmethods="1"/>
        <line num="7" count="6" type="stmt"/>
        <line num="14" count="6" type="stmt"/>
        <line num="16" count="6" type="stmt"/>
        <line num="20" count="6" type="stmt"/>
        <line num="21" count="6" type="stmt"/>
        <line num="25" count="6" type="stmt"/>
        <line num="27" count="6" type="stmt"/>
        <line num="28" count="0" type="cond" truecount="0" falsecount="2"/>
        <line num="29" count="6" type="stmt"/>
        <line num="51" count="30" type="stmt"/>
        <line num="52" count="24" type="stmt"/>
        <line num="55" count="24" type="stmt"/>
        <line num="64" count="24" type="cond" truecount="1" falsecount="1"/>
        <line num="70" count="24" type="stmt"/>
        <line num="77" count="6" type="stmt"/>
      </file>
    </package>
    <package name="src.components.tests">
      <metrics statements="0" coveredstatements="0" conditionals="0" coveredconditionals="0" methods="0" coveredmethods="0"/>
      <file name="App.test.tsx" path="/Users/ahmed/WebstormProjects/memory-mania/client/src/components/tests/App.test.tsx">
        <metrics statements="0" coveredstatements="0" conditionals="0" coveredconditionals="0" methods="0" coveredmethods="0"/>
      </file>
      <file name="Main.test.tsx" path="/Users/ahmed/WebstormProjects/memory-mania/client/src/components/tests/Main.test.tsx">
        <metrics statements="0" coveredstatements="0" conditionals="0" coveredconditionals="0" methods="0" coveredmethods="0"/>
      </file>
      <file name="NameDropdown.test.tsx" path="/Users/ahmed/WebstormProjects/memory-mania/client/src/components/tests/NameDropdown.test.tsx">
        <metrics statements="0" coveredstatements="0" conditionals="0" coveredconditionals="0" methods="0" coveredmethods="0"/>
      </file>
      <file name="TestCountdown.test.tsx" path="/Users/ahmed/WebstormProjects/memory-mania/client/src/components/tests/TestCountdown.test.tsx">
        <metrics statements="0" coveredstatements="0" conditionals="0" coveredconditionals="0" methods="0" coveredmethods="0"/>
      </file>
      <file name="UserCard.test.tsx" path="/Users/ahmed/WebstormProjects/memory-mania/client/src/components/tests/UserCard.test.tsx">
        <metrics statements="0" coveredstatements="0" conditionals="0" coveredconditionals="0" methods="0" coveredmethods="0"/>
      </file>
    </package>
    <package name="src.context">
      <metrics statements="32" coveredstatements="27" conditionals="8" coveredconditionals="5" methods="11" coveredmethods="5"/>
      <file name="AuthContext.tsx" path="/Users/ahmed/WebstormProjects/memory-mania/client/src/context/AuthContext.tsx">
        <metrics statements="24" coveredstatements="20" conditionals="6" coveredconditionals="5" methods="8" coveredmethods="4"/>
        <line num="14" count="6" type="stmt"/>
        <line num="17" count="0" type="stmt"/>
        <line num="21" count="6" type="stmt"/>
        <line num="23" count="20" type="stmt"/>
        <line num="24" count="20" type="stmt"/>
        <line num="26" count="20" type="stmt"/>
        <line num="27" count="12" type="stmt"/>
        <line num="28" count="12" type="cond" truecount="1" falsecount="0"/>
        <line num="29" count="2" type="stmt"/>
        <line num="30" count="2" type="cond" truecount="1" falsecount="0"/>
        <line num="31" count="3" type="stmt"/>
        <line num="36" count="20" type="stmt"/>
        <line num="37" count="3" type="cond" truecount="3" falsecount="1"/>
        <line num="38" count="3" type="stmt"/>
        <line num="39" count="3" type="stmt"/>
        <line num="40" count="3" type="stmt"/>
        <line num="41" count="3" type="stmt"/>
        <line num="42" count="3" type="stmt"/>
        <line num="44" count="0" type="stmt"/>
        <line num="48" count="20" type="stmt"/>
        <line num="49" count="0" type="stmt"/>
        <line num="50" count="0" type="stmt"/>
        <line num="53" count="20" type="stmt"/>
        <line num="54" count="6" type="stmt"/>
      </file>
      <file name="ThemeContext.tsx" path="/Users/ahmed/WebstormProjects/memory-mania/client/src/context/ThemeContext.tsx">
        <metrics statements="8" coveredstatements="7" conditionals="2" coveredconditionals="0" methods="3" coveredmethods="1"/>
        <line num="12" count="6" type="stmt"/>
        <line num="21" count="6" type="stmt"/>
        <line num="23" count="12" type="stmt"/>
        <line num="24" count="12" type="stmt"/>
        <line num="26" count="12" type="stmt"/>
        <line num="27" count="0" type="cond" truecount="0" falsecount="2"/>
        <line num="30" count="12" type="stmt"/>
        <line num="35" count="6" type="stmt"/>
      </file>
    </package>
    <package name="src.context.tests">
      <metrics statements="0" coveredstatements="0" conditionals="0" coveredconditionals="0" methods="0" coveredmethods="0"/>
      <file name="AuthContext.test.tsx" path="/Users/ahmed/WebstormProjects/memory-mania/client/src/context/tests/AuthContext.test.tsx">
        <metrics statements="0" coveredstatements="0" conditionals="0" coveredconditionals="0" methods="0" coveredmethods="0"/>
      </file>
    </package>
    <package name="src.hooks">
      <metrics statements="102" coveredstatements="61" conditionals="14" coveredconditionals="3" methods="28" coveredmethods="13"/>
      <file name="useAuthState.ts" path="/Users/ahmed/WebstormProjects/memory-mania/client/src/hooks/useAuthState.ts">
        <metrics statements="5" coveredstatements="4" conditionals="1" coveredconditionals="0" methods="1" coveredmethods="1"/>
        <line num="5" count="6" type="stmt"/>
        <line num="6" count="68" type="stmt"/>
        <line num="8" count="68" type="cond" truecount="0" falsecount="1"/>
        <line num="9" count="0" type="stmt"/>
        <line num="12" count="68" type="stmt"/>
      </file>
      <file name="useGameState.ts" path="/Users/ahmed/WebstormProjects/memory-mania/client/src/hooks/useGameState.ts">
        <metrics statements="59" coveredstatements="25" conditionals="6" coveredconditionals="1" methods="16" coveredmethods="3"/>
        <line num="26" count="6" type="stmt"/>
        <line num="27" count="6" type="stmt"/>
        <line num="28" count="6" type="stmt"/>
        <line num="29" count="6" type="stmt"/>
        <line num="30" count="6" type="stmt"/>
        <line num="36" count="6" type="stmt"/>
        <line num="37" count="18" type="stmt"/>
        <line num="38" count="18" type="cond" truecount="1" falsecount="1"/>
        <line num="39" count="18" type="stmt"/>
        <line num="40" count="18" type="stmt"/>
        <line num="41" count="18" type="stmt"/>
        <line num="42" count="18" type="stmt"/>
        <line num="43" count="18" type="stmt"/>
        <line num="44" count="18" type="stmt"/>
        <line num="50" count="18" type="stmt"/>
        <line num="55" count="18" type="stmt"/>
        <line num="61" count="18" type="stmt"/>
        <line num="62" count="18" type="stmt"/>
        <line num="63" count="0" type="stmt"/>
        <line num="66" count="18" type="stmt"/>
        <line num="67" count="0" type="stmt"/>
        <line num="68" count="0" type="stmt"/>
        <line num="72" count="0" type="stmt"/>
        <line num="73" count="0" type="stmt"/>
        <line num="74" count="0" type="stmt"/>
        <line num="75" count="0" type="stmt"/>
        <line num="76" count="0" type="stmt"/>
        <line num="77" count="0" type="stmt"/>
        <line num="78" count="0" type="stmt"/>
        <line num="79" count="0" type="stmt"/>
        <line num="84" count="1" type="stmt"/>
        <line num="85" count="1" type="stmt"/>
        <line num="86" count="1" type="stmt"/>
        <line num="90" count="1" type="stmt"/>
        <line num="91" count="1" type="stmt"/>
        <line num="96" count="0" type="stmt"/>
        <line num="97" count="0" type="stmt"/>
        <line num="98" count="0" type="cond" truecount="0" falsecount="2"/>
        <line num="99" count="0" type="stmt"/>
        <line num="100" count="0" type="stmt"/>
        <line num="106" count="0" type="stmt"/>
        <line num="112" count="0" type="stmt"/>
        <line num="113" count="0" type="stmt"/>
        <line num="117" count="0" type="stmt"/>
        <line num="120" count="0" type="stmt"/>
        <line num="121" count="0" type="cond" truecount="0" falsecount="2"/>
        <line num="122" count="0" type="stmt"/>
        <line num="124" count="0" type="stmt"/>
        <line num="126" count="0" type="stmt"/>
        <line num="131" count="0" type="stmt"/>
        <line num="132" count="0" type="stmt"/>
        <line num="133" count="0" type="stmt"/>
        <line num="134" count="0" type="stmt"/>
        <line num="135" count="0" type="stmt"/>
        <line num="136" count="0" type="stmt"/>
        <line num="137" count="0" type="stmt"/>
        <line num="138" count="0" type="stmt"/>
        <line num="142" count="0" type="stmt"/>
        <line num="145" count="18" type="stmt"/>
      </file>
      <file name="useRandomUsers.ts" path="/Users/ahmed/WebstormProjects/memory-mania/client/src/hooks/useRandomUsers.ts">
        <metrics statements="15" coveredstatements="15" conditionals="1" coveredconditionals="1" methods="3" coveredmethods="3"/>
        <line num="19" count="6" type="stmt"/>
        <line num="21" count="6" type="stmt"/>
        <line num="26" count="18" type="stmt"/>
        <line num="27" count="18" type="stmt"/>
        <line num="29" count="18" type="stmt"/>
        <line num="30" count="5" type="cond" truecount="1" falsecount="0"/>
        <line num="35" count="4" type="stmt"/>
        <line num="36" count="4" type="stmt"/>
        <line num="37" count="4" type="stmt"/>
        <line num="38" count="4" type="stmt"/>
        <line num="39" count="4" type="stmt"/>
        <line num="40" count="3" type="stmt"/>
        <line num="41" count="3" type="stmt"/>
        <line num="42" count="3" type="stmt"/>
        <line num="46" count="18" type="stmt"/>
      </file>
      <file name="useTheme.ts" path="/Users/ahmed/WebstormProjects/memory-mania/client/src/hooks/useTheme.ts">
        <metrics statements="5" coveredstatements="4" conditionals="1" coveredconditionals="0" methods="1" coveredmethods="1"/>
        <line num="5" count="6" type="stmt"/>
        <line num="6" count="18" type="stmt"/>
        <line num="8" count="18" type="cond" truecount="0" falsecount="1"/>
        <line num="9" count="0" type="stmt"/>
        <line num="12" count="18" type="stmt"/>
      </file>
      <file name="useTimer.ts" path="/Users/ahmed/WebstormProjects/memory-mania/client/src/hooks/useTimer.ts">
        <metrics statements="18" coveredstatements="13" conditionals="5" coveredconditionals="1" methods="7" coveredmethods="5"/>
        <line num="4" count="40" type="stmt"/>
        <line num="5" count="40" type="stmt"/>
        <line num="7" count="40" type="stmt"/>
        <line num="8" count="5" type="stmt"/>
        <line num="11" count="40" type="stmt"/>
        <line num="12" count="1" type="stmt"/>
        <line num="13" count="1" type="stmt"/>
        <line num="16" count="40" type="stmt"/>
        <line num="17" count="23" type="cond" truecount="1" falsecount="0"/>
        <line num="19" count="7" type="stmt"/>
        <line num="20" count="7" type="stmt"/>
        <line num="21" count="0" type="cond" truecount="0" falsecount="4"/>
        <line num="22" count="0" type="stmt"/>
        <line num="24" count="0" type="stmt"/>
        <line num="25" count="0" type="stmt"/>
        <line num="26" count="0" type="stmt"/>
        <line num="30" count="7" type="stmt"/>
        <line num="33" count="40" type="stmt"/>
      </file>
    </package>
    <package name="src.hooks.tests">
      <metrics statements="0" coveredstatements="0" conditionals="0" coveredconditionals="0" methods="0" coveredmethods="0"/>
      <file name="useTimer.test.ts" path="/Users/ahmed/WebstormProjects/memory-mania/client/src/hooks/tests/useTimer.test.ts">
        <metrics statements="0" coveredstatements="0" conditionals="0" coveredconditionals="0" methods="0" coveredmethods="0"/>
      </file>
    </package>
    <package name="src.routes">
      <metrics statements="74" coveredstatements="68" conditionals="11" coveredconditionals="9" methods="23" coveredmethods="18"/>
      <file name="Login.tsx" path="/Users/ahmed/WebstormProjects/memory-mania/client/src/routes/Login.tsx">
        <metrics statements="35" coveredstatements="33" conditionals="4" coveredconditionals="3" methods="8" coveredmethods="7"/>
        <line num="9" count="6" type="stmt"/>
        <line num="19" count="6" type="stmt"/>
        <line num="21" count="6" type="stmt"/>
        <line num="28" count="6" type="stmt"/>
        <line num="30" count="6" type="stmt"/>
        <line num="32" count="6" type="stmt"/>
        <line num="34" count="6" type="stmt"/>
        <line num="38" count="6" type="stmt"/>
        <line num="40" count="6" type="stmt"/>
        <line num="45" count="6" type="stmt"/>
        <line num="47" count="6" type="stmt"/>
        <line num="60" count="6" type="stmt"/>
        <line num="62" count="6" type="stmt"/>
        <line num="72" count="6" type="stmt"/>
        <line num="74" count="48" type="stmt"/>
        <line num="75" count="44" type="stmt"/>
        <line num="76" count="44" type="stmt"/>
        <line num="77" count="44" type="stmt"/>
        <line num="78" count="44" type="stmt"/>
        <line num="79" count="44" type="stmt"/>
        <line num="80" count="44" type="stmt"/>
        <line num="82" count="44" type="stmt"/>
        <line num="83" count="11" type="cond" truecount="1" falsecount="0"/>
        <line num="84" count="3" type="stmt"/>
        <line num="91" count="3" type="stmt"/>
        <line num="95" count="44" type="stmt"/>
        <line num="96" count="3" type="stmt"/>
        <line num="99" count="44" type="stmt"/>
        <line num="101" count="3" type="stmt"/>
        <line num="103" count="3" type="cond" truecount="0" falsecount="1"/>
        <line num="104" count="0" type="stmt"/>
        <line num="108" count="44" type="stmt"/>
        <line num="123" count="12" type="stmt"/>
        <line num="135" count="0" type="stmt"/>
        <line num="149" count="6" type="stmt"/>
      </file>
      <file name="PrivateRoute.tsx" path="/Users/ahmed/WebstormProjects/memory-mania/client/src/routes/PrivateRoute.tsx">
        <metrics statements="5" coveredstatements="5" conditionals="2" coveredconditionals="2" methods="2" coveredmethods="2"/>
        <line num="5" count="12" type="stmt"/>
        <line num="6" count="12" type="stmt"/>
        <line num="7" count="12" type="cond" truecount="2" falsecount="0"/>
        <line num="8" count="6" type="stmt"/>
        <line num="10" count="6" type="stmt"/>
      </file>
      <file name="Profile.tsx" path="/Users/ahmed/WebstormProjects/memory-mania/client/src/routes/Profile.tsx">
        <metrics statements="15" coveredstatements="13" conditionals="3" coveredconditionals="3" methods="2" coveredmethods="1"/>
        <line num="1" count="78" type="cond" truecount="3" falsecount="0"/>
        <line num="6" count="6" type="stmt"/>
        <line num="16" count="6" type="stmt"/>
        <line num="18" count="6" type="stmt"/>
        <line num="25" count="6" type="stmt"/>
        <line num="27" count="6" type="stmt"/>
        <line num="29" count="6" type="stmt"/>
        <line num="31" count="6" type="stmt"/>
        <line num="35" count="6" type="stmt"/>
        <line num="37" count="6" type="stmt"/>
        <line num="40" count="6" type="stmt"/>
        <line num="42" count="36" type="stmt"/>
        <line num="44" count="0" type="stmt"/>
        <line num="52" count="0" type="stmt"/>
        <line num="69" count="6" type="stmt"/>
      </file>
      <file name="StartMenu.tsx" path="/Users/ahmed/WebstormProjects/memory-mania/client/src/routes/StartMenu.tsx">
        <metrics statements="19" coveredstatements="17" conditionals="2" coveredconditionals="1" methods="11" coveredmethods="8"/>
        <line num="9" count="6" type="stmt"/>
        <line num="16" count="18" type="stmt"/>
        <line num="17" count="6" type="stmt"/>
        <line num="19" count="6" type="stmt"/>
        <line num="23" count="18" type="stmt"/>
        <line num="24" count="6" type="stmt"/>
        <line num="26" count="6" type="stmt"/>
        <line num="28" count="54" type="stmt"/>
        <line num="29" count="54" type="stmt"/>
        <line num="39" count="54" type="stmt"/>
        <line num="41" count="6" type="stmt"/>
        <line num="43" count="24" type="stmt"/>
        <line num="44" count="18" type="stmt"/>
        <line num="45" count="18" type="stmt"/>
        <line num="48" count="0" type="stmt"/>
        <line num="52" count="0" type="stmt"/>
        <line num="56" count="6" type="stmt"/>
        <line num="59" count="18" type="stmt"/>
        <line num="75" count="6" type="stmt"/>
      </file>
    </package>
    <package name="src.utils">
      <metrics statements="23" coveredstatements="19" conditionals="4" coveredconditionals="2" methods="3" coveredmethods="3"/>
      <file name="apiHelper.ts" path="/Users/ahmed/WebstormProjects/memory-mania/client/src/utils/apiHelper.ts">
        <metrics statements="7" coveredstatements="4" conditionals="2" coveredconditionals="1" methods="1" coveredmethods="1"/>
        <line num="6" count="6" type="stmt"/>
        <line num="7" count="6" type="stmt"/>
        <line num="8" count="3" type="cond" truecount="0" falsecount="1"/>
        <line num="9" count="0" type="stmt"/>
        <line num="11" count="3" type="stmt"/>
        <line num="13" count="0" type="stmt"/>
        <line num="14" count="0" type="stmt"/>
      </file>
      <file name="manipulation.ts" path="/Users/ahmed/WebstormProjects/memory-mania/client/src/utils/manipulation.ts">
        <metrics statements="16" coveredstatements="15" conditionals="2" coveredconditionals="1" methods="2" coveredmethods="2"/>
        <line num="4" count="1" type="stmt"/>
        <line num="5" count="1" type="stmt"/>
        <line num="6" count="2" type="stmt"/>
        <line num="7" count="2" type="stmt"/>
        <line num="9" count="1" type="stmt"/>
        <line num="28" count="3" type="stmt"/>
        <line num="29" count="3" type="stmt"/>
        <line num="31" count="3" type="stmt"/>
        <line num="32" count="9" type="stmt"/>
        <line num="35" count="9" type="cond" truecount="0" falsecount="1"/>
        <line num="36" count="0" type="stmt"/>
        <line num="38" count="9" type="stmt"/>
        <line num="39" count="9" type="stmt"/>
        <line num="41" count="9" type="cond" truecount="1" falsecount="0"/>
        <line num="42" count="3" type="stmt"/>
        <line num="45" count="3" type="stmt"/>
      </file>
    </package>
    <package name="src.utils.tests">
      <metrics statements="0" coveredstatements="0" conditionals="0" coveredconditionals="0" methods="0" coveredmethods="0"/>
      <file name="manipulation.test.ts" path="/Users/ahmed/WebstormProjects/memory-mania/client/src/utils/tests/manipulation.test.ts">
        <metrics statements="0" coveredstatements="0" conditionals="0" coveredconditionals="0" methods="0" coveredmethods="0"/>
      </file>
    </package>
  </project>
</coverage>
