{
    "/Users/ahmed/WebstormProjects/memory-mania/client/src/App.tsx": {
        "path": "/Users/ahmed/WebstormProjects/memory-mania/client/src/App.tsx",
        "statementMap": {
            "0": { "start": { "line": 15, "column": 27 }, "end": { "line": 15, "column": null } },
            "1": { "start": { "line": 22, "column": 2 }, "end": { "line": 15, "column": 27 } },
            "2": { "start": { "line": 24, "column": 13 }, "end": { "line": 24, "column": null } },
            "3": { "start": { "line": 31, "column": 2 }, "end": { "line": 24, "column": 13 } },
            "4": { "start": { "line": 33, "column": 37 }, "end": { "line": 33, "column": null } },
            "5": { "start": { "line": 34, "column": 48 }, "end": { "line": 34, "column": null } },
            "6": { "start": { "line": 36, "column": 30 }, "end": { "line": 36, "column": null } },
            "7": { "start": { "line": 37, "column": 22 }, "end": { "line": 37, "column": null } },
            "8": { "start": { "line": 38, "column": 27 }, "end": { "line": 38, "column": null } },
            "9": { "start": { "line": 39, "column": 22 }, "end": { "line": 39, "column": null } },
            "10": { "start": { "line": 39, "column": 56 }, "end": { "line": 39, "column": 71 } },
            "11": { "start": { "line": 40, "column": 31 }, "end": { "line": 49, "column": null } },
            "12": { "start": { "line": 41, "column": 8 }, "end": { "line": 47, "column": null } },
            "13": { "start": { "line": 51, "column": 4 }, "end": { "line": 54, "column": null } },
            "14": { "start": { "line": 52, "column": 8 }, "end": { "line": 52, "column": null } },
            "15": { "start": { "line": 52, "column": 29 }, "end": { "line": 52, "column": null } },
            "16": { "start": { "line": 53, "column": 8 }, "end": { "line": 53, "column": null } },
            "17": { "start": { "line": 56, "column": 4 }, "end": { "line": 58, "column": null } },
            "18": { "start": { "line": 57, "column": 8 }, "end": { "line": 57, "column": null } },
            "19": { "start": { "line": 60, "column": 4 }, "end": { "line": 102, "column": null } },
            "20": { "start": { "line": 104, "column": 1 }, "end": { "line": 37, "column": 35 } },
            "21": { "start": { "line": 36, "column": 27 }, "end": { "line": 37, "column": 35 } },
            "22": { "start": { "line": 37, "column": 34 }, "end": { "line": 36, "column": 27 } },
            "23": { "start": { "line": 36, "column": 27 }, "end": { "line": 36, "column": 30 } }
        },
        "fnMap": {
            "0": {
                "name": "App",
                "decl": { "start": { "line": 36, "column": 24 }, "end": { "line": 36, "column": 27 } },
                "loc": { "start": { "line": 36, "column": 30 }, "end": { "line": 104, "column": 1 } }
            },
            "1": {
                "name": "(anonymous_2)",
                "decl": { "start": { "line": 39, "column": 48 }, "end": { "line": 39, "column": 56 } },
                "loc": { "start": { "line": 39, "column": 56 }, "end": { "line": 39, "column": 71 } }
            },
            "2": {
                "name": "(anonymous_3)",
                "decl": { "start": { "line": 40, "column": 57 }, "end": { "line": 40, "column": null } },
                "loc": { "start": { "line": 41, "column": 8 }, "end": { "line": 47, "column": null } }
            },
            "3": {
                "name": "(anonymous_4)",
                "decl": { "start": { "line": 51, "column": 20 }, "end": { "line": 51, "column": 26 } },
                "loc": { "start": { "line": 51, "column": 26 }, "end": { "line": 54, "column": 7 } }
            },
            "4": {
                "name": "(anonymous_5)",
                "decl": { "start": { "line": 36, "column": 27 }, "end": { "line": 36, "column": 30 } },
                "loc": { "start": { "line": 36, "column": 27 }, "end": { "line": 37, "column": 35 } }
            }
        },
        "branchMap": {
            "0": {
                "loc": { "start": { "line": 38, "column": 27 }, "end": { "line": 38, "column": null } },
                "type": "binary-expr",
                "locations": [
                    { "start": { "line": 38, "column": 27 }, "end": { "line": 38, "column": 57 } },
                    { "start": { "line": 38, "column": 57 }, "end": { "line": 38, "column": 90 } },
                    { "start": { "line": 38, "column": 90 }, "end": { "line": 38, "column": null } }
                ]
            },
            "1": {
                "loc": { "start": { "line": 52, "column": 8 }, "end": { "line": 52, "column": null } },
                "type": "if",
                "locations": [{ "start": { "line": 52, "column": 8 }, "end": { "line": 52, "column": null } }]
            },
            "2": {
                "loc": { "start": { "line": 56, "column": 4 }, "end": { "line": 58, "column": null } },
                "type": "if",
                "locations": [{ "start": { "line": 56, "column": 4 }, "end": { "line": 58, "column": null } }]
            },
            "3": {
                "loc": { "start": { "line": 64, "column": 17 }, "end": { "line": 70, "column": null } },
                "type": "cond-expr",
                "locations": [
                    { "start": { "line": 65, "column": 20 }, "end": { "line": 67, "column": null } },
                    { "start": { "line": 70, "column": 20 }, "end": { "line": 70, "column": null } }
                ]
            },
            "4": {
                "loc": { "start": { "line": 72, "column": 17 }, "end": { "line": 78, "column": null } },
                "type": "binary-expr",
                "locations": [
                    { "start": { "line": 72, "column": 17 }, "end": { "line": 72, "column": null } },
                    { "start": { "line": 73, "column": 20 }, "end": { "line": 78, "column": null } }
                ]
            },
            "5": {
                "loc": { "start": { "line": 80, "column": 17 }, "end": { "line": 84, "column": null } },
                "type": "binary-expr",
                "locations": [
                    { "start": { "line": 80, "column": 17 }, "end": { "line": 80, "column": null } },
                    { "start": { "line": 81, "column": 20 }, "end": { "line": 84, "column": null } }
                ]
            },
            "6": {
                "loc": { "start": { "line": 86, "column": 17 }, "end": { "line": 99, "column": null } },
                "type": "binary-expr",
                "locations": [
                    { "start": { "line": 86, "column": 17 }, "end": { "line": 86, "column": null } },
                    { "start": { "line": 87, "column": 20 }, "end": { "line": 99, "column": null } }
                ]
            },
            "7": {
                "loc": { "start": { "line": 93, "column": 25 }, "end": { "line": 97, "column": null } },
                "type": "cond-expr",
                "locations": [
                    { "start": { "line": 95, "column": 28 }, "end": { "line": 95, "column": null } },
                    { "start": { "line": 97, "column": 28 }, "end": { "line": 97, "column": null } }
                ]
            }
        },
        "s": {
            "0": 6,
            "1": 6,
            "2": 6,
            "3": 6,
            "4": 6,
            "5": 6,
            "6": 18,
            "7": 18,
            "8": 18,
            "9": 18,
            "10": 42,
            "11": 18,
            "12": 42,
            "13": 18,
            "14": 10,
            "15": 8,
            "16": 2,
            "17": 18,
            "18": 4,
            "19": 14,
            "20": 6,
            "21": 2,
            "22": 6,
            "23": 18
        },
        "f": { "0": 18, "1": 42, "2": 42, "3": 10, "4": 2 },
        "b": {
            "0": [18, 10, 6],
            "1": [8],
            "2": [4],
            "3": [4, 10],
            "4": [14, 4],
            "5": [14, 6],
            "6": [14, 0],
            "7": [0, 0]
        }
    },
    "/Users/ahmed/WebstormProjects/memory-mania/client/src/main.tsx": {
        "path": "/Users/ahmed/WebstormProjects/memory-mania/client/src/main.tsx",
        "statementMap": {
            "0": { "start": { "line": 15, "column": 26 }, "end": { "line": 15, "column": null } },
            "1": { "start": { "line": 17, "column": 0 }, "end": { "line": 37, "column": null } }
        },
        "fnMap": {},
        "branchMap": {
            "0": {
                "loc": { "start": { "line": 15, "column": 26 }, "end": { "line": 15, "column": null } },
                "type": "binary-expr",
                "locations": [
                    { "start": { "line": 15, "column": 26 }, "end": { "line": 15, "column": 61 } },
                    { "start": { "line": 15, "column": 61 }, "end": { "line": 15, "column": null } }
                ]
            }
        },
        "s": { "0": 6, "1": 6 },
        "f": {},
        "b": { "0": [6, 0] }
    },
    "/Users/ahmed/WebstormProjects/memory-mania/client/src/themes.ts": {
        "path": "/Users/ahmed/WebstormProjects/memory-mania/client/src/themes.ts",
        "statementMap": {
            "0": { "start": { "line": 10, "column": 34 }, "end": { "line": 16, "column": null } },
            "1": { "start": { "line": 18, "column": 33 }, "end": { "line": 25, "column": null } }
        },
        "fnMap": {},
        "branchMap": {},
        "s": { "0": 6, "1": 6 },
        "f": {},
        "b": {}
    },
    "/Users/ahmed/WebstormProjects/memory-mania/client/src/components/Button.tsx": {
        "path": "/Users/ahmed/WebstormProjects/memory-mania/client/src/components/Button.tsx",
        "statementMap": { "0": { "start": { "line": 3, "column": 21 }, "end": { "line": 3, "column": null } } },
        "fnMap": {},
        "branchMap": {},
        "s": { "0": 6 },
        "f": {},
        "b": {}
    },
    "/Users/ahmed/WebstormProjects/memory-mania/client/src/components/Instructions.tsx": {
        "path": "/Users/ahmed/WebstormProjects/memory-mania/client/src/components/Instructions.tsx",
        "statementMap": {
            "0": { "start": { "line": 1, "column": 38 }, "end": { "line": 1, "column": null } },
            "1": { "start": { "line": 3, "column": 26 }, "end": { "line": 3, "column": null } },
            "2": { "start": { "line": 14, "column": 2 }, "end": { "line": 3, "column": 26 } },
            "3": { "start": { "line": 16, "column": 13 }, "end": { "line": 16, "column": null } },
            "4": { "start": { "line": 22, "column": 2 }, "end": { "line": 16, "column": 13 } },
            "5": { "start": { "line": 24, "column": 20 }, "end": { "line": 24, "column": null } },
            "6": { "start": { "line": 33, "column": 2 }, "end": { "line": 24, "column": 20 } },
            "7": { "start": { "line": 40, "column": 4 }, "end": { "line": 52, "column": null } },
            "8": { "start": { "line": 54, "column": 1 }, "end": { "line": 39, "column": 36 } },
            "9": { "start": { "line": 39, "column": 36 }, "end": { "line": 39, "column": 37 } }
        },
        "fnMap": {
            "0": {
                "name": "(anonymous_0)",
                "decl": { "start": { "line": 1, "column": 38 }, "end": { "line": 1, "column": null } },
                "loc": { "start": { "line": 1, "column": 38 }, "end": { "line": 1, "column": null } }
            },
            "1": {
                "name": "Instructions",
                "decl": { "start": { "line": 39, "column": 24 }, "end": { "line": 39, "column": 36 } },
                "loc": { "start": { "line": 39, "column": 63 }, "end": { "line": 54, "column": 1 } }
            }
        },
        "branchMap": {
            "0": {
                "loc": { "start": { "line": 1, "column": 38 }, "end": { "line": 1, "column": null } },
                "type": "binary-expr",
                "locations": [
                    { "start": { "line": 1, "column": 38 }, "end": { "line": 1, "column": null } },
                    { "start": { "line": 1, "column": 38 }, "end": { "line": 1, "column": null } }
                ]
            },
            "1": {
                "loc": { "start": { "line": 1, "column": 38 }, "end": { "line": 1, "column": null } },
                "type": "if",
                "locations": [{ "start": { "line": 1, "column": 38 }, "end": { "line": 1, "column": null } }]
            }
        },
        "s": { "0": 66, "1": 6, "2": 6, "3": 6, "4": 6, "5": 6, "6": 6, "7": 0, "8": 6, "9": 24 },
        "f": { "0": 24, "1": 0 },
        "b": { "0": [12, 6], "1": [6] }
    },
    "/Users/ahmed/WebstormProjects/memory-mania/client/src/components/Leaderboard.tsx": {
        "path": "/Users/ahmed/WebstormProjects/memory-mania/client/src/components/Leaderboard.tsx",
        "statementMap": {},
        "fnMap": {},
        "branchMap": {},
        "s": {},
        "f": {},
        "b": {}
    },
    "/Users/ahmed/WebstormProjects/memory-mania/client/src/components/LoadingSpinner.tsx": {
        "path": "/Users/ahmed/WebstormProjects/memory-mania/client/src/components/LoadingSpinner.tsx",
        "statementMap": {
            "0": { "start": { "line": 1, "column": 53 }, "end": { "line": 1, "column": null } },
            "1": { "start": { "line": 3, "column": 25 }, "end": { "line": 3, "column": null } },
            "2": { "start": { "line": 9, "column": 2 }, "end": { "line": 3, "column": 25 } },
            "3": { "start": { "line": 11, "column": 24 }, "end": { "line": 11, "column": null } },
            "4": { "start": { "line": 20, "column": 24 }, "end": { "line": 27, "column": null } },
            "5": { "start": { "line": 113, "column": 2 }, "end": { "line": 20, "column": 24 } },
            "6": { "start": { "line": 115, "column": 20 }, "end": { "line": 115, "column": null } },
            "7": { "start": { "line": 119, "column": 2 }, "end": { "line": 115, "column": 20 } },
            "8": { "start": { "line": 122, "column": 4 }, "end": { "line": 135, "column": null } },
            "9": { "start": { "line": 137, "column": 1 }, "end": { "line": 121, "column": 38 } },
            "10": { "start": { "line": 121, "column": 38 }, "end": { "line": 121, "column": 41 } }
        },
        "fnMap": {
            "0": {
                "name": "(anonymous_0)",
                "decl": { "start": { "line": 1, "column": 53 }, "end": { "line": 1, "column": null } },
                "loc": { "start": { "line": 1, "column": 53 }, "end": { "line": 1, "column": null } }
            },
            "1": {
                "name": "LoadingSpinner",
                "decl": { "start": { "line": 121, "column": 24 }, "end": { "line": 121, "column": 38 } },
                "loc": { "start": { "line": 121, "column": 41 }, "end": { "line": 137, "column": 1 } }
            }
        },
        "branchMap": {
            "0": {
                "loc": { "start": { "line": 1, "column": 53 }, "end": { "line": 1, "column": null } },
                "type": "binary-expr",
                "locations": [
                    { "start": { "line": 1, "column": 53 }, "end": { "line": 1, "column": null } },
                    { "start": { "line": 1, "column": 53 }, "end": { "line": 1, "column": null } }
                ]
            },
            "1": {
                "loc": { "start": { "line": 1, "column": 53 }, "end": { "line": 1, "column": null } },
                "type": "if",
                "locations": [{ "start": { "line": 1, "column": 53 }, "end": { "line": 1, "column": null } }]
            }
        },
        "s": { "0": 66, "1": 6, "2": 6, "3": 6, "4": 6, "5": 6, "6": 6, "7": 6, "8": 4, "9": 6, "10": 24 },
        "f": { "0": 24, "1": 4 },
        "b": { "0": [12, 6], "1": [6] }
    },
    "/Users/ahmed/WebstormProjects/memory-mania/client/src/components/NameDropdown.tsx": {
        "path": "/Users/ahmed/WebstormProjects/memory-mania/client/src/components/NameDropdown.tsx",
        "statementMap": {
            "0": { "start": { "line": 5, "column": 28 }, "end": { "line": 5, "column": null } },
            "1": { "start": { "line": 19, "column": 2 }, "end": { "line": 5, "column": 28 } },
            "2": { "start": { "line": 35, "column": 63 }, "end": { "line": 35, "column": null } },
            "3": { "start": { "line": 36, "column": 44 }, "end": { "line": 36, "column": null } },
            "4": { "start": { "line": 40, "column": 24 }, "end": { "line": 40, "column": null } },
            "5": { "start": { "line": 41, "column": 26 }, "end": { "line": 45, "column": null } },
            "6": { "start": { "line": 42, "column": 8 }, "end": { "line": 44, "column": null } },
            "7": { "start": { "line": 47, "column": 4 }, "end": { "line": 61, "column": null } },
            "8": { "start": { "line": 52, "column": 27 }, "end": { "line": 52, "column": null } },
            "9": { "start": { "line": 53, "column": 16 }, "end": { "line": 53, "column": null } },
            "10": { "start": { "line": 55, "column": 16 }, "end": { "line": 55, "column": null } },
            "11": { "start": { "line": 56, "column": 16 }, "end": { "line": 56, "column": null } },
            "12": { "start": { "line": 57, "column": 16 }, "end": { "line": 57, "column": null } },
            "13": { "start": { "line": 63, "column": 1 }, "end": { "line": 35, "column": 37 } },
            "14": { "start": { "line": 35, "column": 36 }, "end": { "line": null, "column": -1 } },
            "15": { "start": { "line": 35, "column": 36 }, "end": { "line": 35, "column": 37 } }
        },
        "fnMap": {
            "0": {
                "name": "NameDropdown",
                "decl": { "start": { "line": 35, "column": 24 }, "end": { "line": 35, "column": 36 } },
                "loc": { "start": { "line": 35, "column": 63 }, "end": { "line": 63, "column": 1 } }
            },
            "1": {
                "name": "(anonymous_2)",
                "decl": { "start": { "line": 41, "column": 42 }, "end": { "line": 41, "column": 43 } },
                "loc": { "start": { "line": 42, "column": 8 }, "end": { "line": 44, "column": null } }
            },
            "2": {
                "name": "(anonymous_3)",
                "decl": { "start": { "line": 51, "column": 22 }, "end": { "line": 51, "column": 31 } },
                "loc": { "start": { "line": 51, "column": 31 }, "end": { "line": 58, "column": null } }
            }
        },
        "branchMap": {},
        "s": {
            "0": 6,
            "1": 6,
            "2": 12,
            "3": 12,
            "4": 12,
            "5": 12,
            "6": 36,
            "7": 12,
            "8": 0,
            "9": 0,
            "10": 0,
            "11": 0,
            "12": 0,
            "13": 6,
            "14": 6,
            "15": 12
        },
        "f": { "0": 12, "1": 36, "2": 0 },
        "b": {}
    },
    "/Users/ahmed/WebstormProjects/memory-mania/client/src/components/Navbar.tsx": {
        "path": "/Users/ahmed/WebstormProjects/memory-mania/client/src/components/Navbar.tsx",
        "statementMap": {
            "0": { "start": { "line": 11, "column": 19 }, "end": { "line": 15, "column": null } },
            "1": { "start": { "line": 15, "column": 27 }, "end": { "line": 15, "column": 61 } },
            "2": { "start": { "line": 20, "column": 2 }, "end": { "line": 11, "column": 19 } },
            "3": { "start": { "line": 22, "column": 19 }, "end": { "line": 29, "column": null } },
            "4": { "start": { "line": 29, "column": 15 }, "end": { "line": 29, "column": 53 } },
            "5": { "start": { "line": 30, "column": 2 }, "end": { "line": 22, "column": 19 } },
            "6": { "start": { "line": 32, "column": 17 }, "end": { "line": 32, "column": null } },
            "7": { "start": { "line": 36, "column": 2 }, "end": { "line": 32, "column": 17 } },
            "8": { "start": { "line": 38, "column": 25 }, "end": { "line": 38, "column": null } },
            "9": { "start": { "line": 43, "column": 2 }, "end": { "line": 38, "column": 25 } },
            "10": { "start": { "line": 45, "column": 20 }, "end": { "line": 45, "column": null } },
            "11": { "start": { "line": 49, "column": 2 }, "end": { "line": 45, "column": 20 } },
            "12": { "start": { "line": 51, "column": 20 }, "end": { "line": 51, "column": null } },
            "13": { "start": { "line": 54, "column": 2 }, "end": { "line": 51, "column": 20 } },
            "14": { "start": { "line": 56, "column": 18 }, "end": { "line": 56, "column": null } },
            "15": { "start": { "line": 62, "column": 2 }, "end": { "line": 56, "column": 18 } },
            "16": { "start": { "line": 64, "column": 51 }, "end": { "line": 64, "column": null } },
            "17": { "start": { "line": 65, "column": 21 }, "end": { "line": 65, "column": null } },
            "18": { "start": { "line": 66, "column": 38 }, "end": { "line": 66, "column": null } },
            "19": { "start": { "line": 69, "column": 8 }, "end": { "line": 69, "column": null } },
            "20": { "start": { "line": 72, "column": 4 }, "end": { "line": 94, "column": null } },
            "21": { "start": { "line": 96, "column": 1 }, "end": { "line": 66, "column": 51 } },
            "22": { "start": { "line": 64, "column": 30 }, "end": { "line": 66, "column": 51 } },
            "23": { "start": { "line": 66, "column": 50 }, "end": { "line": 64, "column": 30 } },
            "24": { "start": { "line": 64, "column": 30 }, "end": { "line": 64, "column": 31 } }
        },
        "fnMap": {
            "0": {
                "name": "(anonymous_1)",
                "decl": { "start": { "line": 15, "column": 18 }, "end": { "line": 15, "column": 27 } },
                "loc": { "start": { "line": 15, "column": 27 }, "end": { "line": 15, "column": 61 } }
            },
            "1": {
                "name": "(anonymous_2)",
                "decl": { "start": { "line": 29, "column": 6 }, "end": { "line": 29, "column": 15 } },
                "loc": { "start": { "line": 29, "column": 15 }, "end": { "line": 29, "column": 53 } }
            },
            "2": {
                "name": "Navbar",
                "decl": { "start": { "line": 64, "column": 24 }, "end": { "line": 64, "column": 30 } },
                "loc": { "start": { "line": 64, "column": 51 }, "end": { "line": 96, "column": 1 } }
            },
            "3": {
                "name": "handleProfile",
                "decl": { "start": { "line": 68, "column": 13 }, "end": { "line": 68, "column": 29 } },
                "loc": { "start": { "line": 68, "column": 29 }, "end": { "line": 70, "column": null } }
            },
            "4": {
                "name": "(anonymous_5)",
                "decl": { "start": { "line": 64, "column": 30 }, "end": { "line": 64, "column": 31 } },
                "loc": { "start": { "line": 64, "column": 30 }, "end": { "line": 66, "column": 51 } }
            }
        },
        "branchMap": {
            "0": {
                "loc": { "start": { "line": 29, "column": 15 }, "end": { "line": 29, "column": 53 } },
                "type": "binary-expr",
                "locations": [
                    { "start": { "line": 29, "column": 15 }, "end": { "line": 29, "column": 33 } },
                    { "start": { "line": 29, "column": 33 }, "end": { "line": 29, "column": 53 } }
                ]
            },
            "1": {
                "loc": { "start": { "line": 79, "column": 21 }, "end": { "line": 79, "column": null } },
                "type": "binary-expr",
                "locations": [
                    { "start": { "line": 79, "column": 21 }, "end": { "line": 79, "column": 36 } },
                    { "start": { "line": 79, "column": 36 }, "end": { "line": 79, "column": null } }
                ]
            },
            "2": {
                "loc": { "start": { "line": 80, "column": 21 }, "end": { "line": 90, "column": null } },
                "type": "cond-expr",
                "locations": [
                    { "start": { "line": 81, "column": 24 }, "end": { "line": 88, "column": null } },
                    { "start": { "line": 90, "column": 24 }, "end": { "line": 90, "column": null } }
                ]
            }
        },
        "s": {
            "0": 6,
            "1": 12,
            "2": 6,
            "3": 6,
            "4": 12,
            "5": 6,
            "6": 6,
            "7": 6,
            "8": 6,
            "9": 6,
            "10": 6,
            "11": 6,
            "12": 6,
            "13": 6,
            "14": 6,
            "15": 6,
            "16": 12,
            "17": 12,
            "18": 12,
            "19": 0,
            "20": 12,
            "21": 6,
            "22": 2,
            "23": 6,
            "24": 48
        },
        "f": { "0": 12, "1": 12, "2": 12, "3": 0, "4": 2 },
        "b": { "0": [12, 12], "1": [12, 12], "2": [12, 0] }
    },
    "/Users/ahmed/WebstormProjects/memory-mania/client/src/components/ScoreMessage.tsx": {
        "path": "/Users/ahmed/WebstormProjects/memory-mania/client/src/components/ScoreMessage.tsx",
        "statementMap": {
            "0": { "start": { "line": 1, "column": 38 }, "end": { "line": 1, "column": null } },
            "1": { "start": { "line": 3, "column": 23 }, "end": { "line": 3, "column": null } },
            "2": { "start": { "line": 10, "column": 2 }, "end": { "line": 3, "column": 23 } },
            "3": { "start": { "line": 12, "column": 18 }, "end": { "line": 12, "column": null } },
            "4": { "start": { "line": 16, "column": 2 }, "end": { "line": 12, "column": 18 } },
            "5": { "start": { "line": 25, "column": 21 }, "end": { "line": 25, "column": null } },
            "6": { "start": { "line": 26, "column": 4 }, "end": { "line": 29, "column": null } },
            "7": { "start": { "line": 31, "column": 1 }, "end": { "line": 24, "column": 36 } },
            "8": { "start": { "line": 24, "column": 36 }, "end": { "line": 24, "column": 37 } }
        },
        "fnMap": {
            "0": {
                "name": "(anonymous_0)",
                "decl": { "start": { "line": 1, "column": 38 }, "end": { "line": 1, "column": null } },
                "loc": { "start": { "line": 1, "column": 38 }, "end": { "line": 1, "column": null } }
            },
            "1": {
                "name": "ScoreMessage",
                "decl": { "start": { "line": 24, "column": 24 }, "end": { "line": 24, "column": 36 } },
                "loc": { "start": { "line": 24, "column": 63 }, "end": { "line": 31, "column": 1 } }
            }
        },
        "branchMap": {
            "0": {
                "loc": { "start": { "line": 1, "column": 38 }, "end": { "line": 1, "column": null } },
                "type": "binary-expr",
                "locations": [
                    { "start": { "line": 1, "column": 38 }, "end": { "line": 1, "column": null } },
                    { "start": { "line": 1, "column": 38 }, "end": { "line": 1, "column": null } }
                ]
            },
            "1": {
                "loc": { "start": { "line": 1, "column": 38 }, "end": { "line": 1, "column": null } },
                "type": "if",
                "locations": [{ "start": { "line": 1, "column": 38 }, "end": { "line": 1, "column": null } }]
            }
        },
        "s": { "0": 60, "1": 6, "2": 6, "3": 6, "4": 6, "5": 0, "6": 0, "7": 6, "8": 18 },
        "f": { "0": 18, "1": 0 },
        "b": { "0": [12, 6], "1": [6] }
    },
    "/Users/ahmed/WebstormProjects/memory-mania/client/src/components/TestCountdown.tsx": {
        "path": "/Users/ahmed/WebstormProjects/memory-mania/client/src/components/TestCountdown.tsx",
        "statementMap": {
            "0": { "start": { "line": 10, "column": 31 }, "end": { "line": 10, "column": null } },
            "1": { "start": { "line": 19, "column": 2 }, "end": { "line": 10, "column": 31 } },
            "2": { "start": { "line": 21, "column": 22 }, "end": { "line": 21, "column": null } },
            "3": { "start": { "line": 24, "column": 2 }, "end": { "line": 21, "column": 22 } },
            "4": { "start": { "line": 26, "column": 20 }, "end": { "line": 26, "column": null } },
            "5": { "start": { "line": 29, "column": 2 }, "end": { "line": 26, "column": 20 } },
            "6": { "start": { "line": 40, "column": 28 }, "end": { "line": 40, "column": null } },
            "7": { "start": { "line": 42, "column": 65 }, "end": { "line": 42, "column": null } },
            "8": { "start": { "line": 43, "column": 34 }, "end": { "line": 43, "column": null } },
            "9": { "start": { "line": 44, "column": 63 }, "end": { "line": 47, "column": null } },
            "10": { "start": { "line": 49, "column": 4 }, "end": { "line": 59, "column": null } },
            "11": { "start": { "line": 50, "column": 23 }, "end": { "line": 50, "column": null } },
            "12": { "start": { "line": 51, "column": 24 }, "end": { "line": 54, "column": null } },
            "13": { "start": { "line": 55, "column": 8 }, "end": { "line": 58, "column": null } },
            "14": { "start": { "line": 56, "column": 12 }, "end": { "line": 56, "column": null } },
            "15": { "start": { "line": 57, "column": 12 }, "end": { "line": 57, "column": null } },
            "16": { "start": { "line": 61, "column": 4 }, "end": { "line": 77, "column": null } },
            "17": { "start": { "line": 72, "column": 20 }, "end": { "line": 72, "column": null } },
            "18": { "start": { "line": 73, "column": 20 }, "end": { "line": 73, "column": null } },
            "19": { "start": { "line": 79, "column": 1 }, "end": { "line": 44, "column": null } },
            "20": { "start": { "line": 42, "column": 37 }, "end": { "line": 44, "column": null } },
            "21": { "start": { "line": 44, "column": 71 }, "end": { "line": 42, "column": 37 } },
            "22": { "start": { "line": 42, "column": 37 }, "end": { "line": 42, "column": 38 } }
        },
        "fnMap": {
            "0": {
                "name": "TestCountdown",
                "decl": { "start": { "line": 42, "column": 24 }, "end": { "line": 42, "column": 37 } },
                "loc": { "start": { "line": 42, "column": 65 }, "end": { "line": 79, "column": 1 } }
            },
            "1": {
                "name": "(anonymous_2)",
                "decl": { "start": { "line": 49, "column": 20 }, "end": { "line": 49, "column": 26 } },
                "loc": { "start": { "line": 49, "column": 26 }, "end": { "line": 59, "column": 7 } }
            },
            "2": {
                "name": "(anonymous_3)",
                "decl": { "start": { "line": 55, "column": 56 }, "end": { "line": 55, "column": 57 } },
                "loc": { "start": { "line": 55, "column": 78 }, "end": { "line": 58, "column": 9 } }
            },
            "3": {
                "name": "(anonymous_4)",
                "decl": { "start": { "line": 71, "column": 25 }, "end": { "line": 71, "column": 31 } },
                "loc": { "start": { "line": 71, "column": 31 }, "end": { "line": 74, "column": 18 } }
            },
            "4": {
                "name": "(anonymous_5)",
                "decl": { "start": { "line": 42, "column": 37 }, "end": { "line": 42, "column": 38 } },
                "loc": { "start": { "line": 42, "column": 37 }, "end": { "line": 44, "column": null } }
            }
        },
        "branchMap": {},
        "s": {
            "0": 6,
            "1": 6,
            "2": 6,
            "3": 6,
            "4": 6,
            "5": 6,
            "6": 6,
            "7": 4,
            "8": 4,
            "9": 4,
            "10": 4,
            "11": 2,
            "12": 2,
            "13": 2,
            "14": 0,
            "15": 0,
            "16": 4,
            "17": 1,
            "18": 1,
            "19": 6,
            "20": 1,
            "21": 6,
            "22": 24
        },
        "f": { "0": 4, "1": 2, "2": 0, "3": 1, "4": 1 },
        "b": {}
    },
    "/Users/ahmed/WebstormProjects/memory-mania/client/src/components/ThemeSwitcher.tsx": {
        "path": "/Users/ahmed/WebstormProjects/memory-mania/client/src/components/ThemeSwitcher.tsx",
        "statementMap": {
            "0": { "start": { "line": 1, "column": 38 }, "end": { "line": 1, "column": null } },
            "1": { "start": { "line": 6, "column": 21 }, "end": { "line": 23, "column": null } },
            "2": { "start": { "line": 9, "column": 33 }, "end": { "line": 9, "column": 62 } },
            "3": { "start": { "line": 10, "column": 22 }, "end": { "line": 10, "column": 41 } },
            "4": { "start": { "line": 11, "column": 33 }, "end": { "line": 11, "column": 64 } },
            "5": { "start": { "line": 23, "column": 37 }, "end": { "line": 23, "column": 66 } },
            "6": { "start": { "line": 25, "column": 2 }, "end": { "line": 6, "column": 21 } },
            "7": { "start": { "line": 28, "column": 35 }, "end": { "line": 28, "column": null } },
            "8": { "start": { "line": 30, "column": 4 }, "end": { "line": 33, "column": null } },
            "9": { "start": { "line": 35, "column": 1 }, "end": { "line": 27, "column": 37 } },
            "10": { "start": { "line": 27, "column": 37 }, "end": { "line": 27, "column": 40 } }
        },
        "fnMap": {
            "0": {
                "name": "(anonymous_0)",
                "decl": { "start": { "line": 1, "column": 38 }, "end": { "line": 1, "column": null } },
                "loc": { "start": { "line": 1, "column": 38 }, "end": { "line": 1, "column": null } }
            },
            "1": {
                "name": "(anonymous_1)",
                "decl": { "start": { "line": 9, "column": 24 }, "end": { "line": 9, "column": 33 } },
                "loc": { "start": { "line": 9, "column": 33 }, "end": { "line": 9, "column": 62 } }
            },
            "2": {
                "name": "(anonymous_2)",
                "decl": { "start": { "line": 10, "column": 13 }, "end": { "line": 10, "column": 22 } },
                "loc": { "start": { "line": 10, "column": 22 }, "end": { "line": 10, "column": 41 } }
            },
            "3": {
                "name": "(anonymous_3)",
                "decl": { "start": { "line": 11, "column": 24 }, "end": { "line": 11, "column": 33 } },
                "loc": { "start": { "line": 11, "column": 33 }, "end": { "line": 11, "column": 64 } }
            },
            "4": {
                "name": "(anonymous_4)",
                "decl": { "start": { "line": 23, "column": 28 }, "end": { "line": 23, "column": 37 } },
                "loc": { "start": { "line": 23, "column": 37 }, "end": { "line": 23, "column": 66 } }
            },
            "5": {
                "name": "ThemeSwitcher",
                "decl": { "start": { "line": 27, "column": 24 }, "end": { "line": 27, "column": 37 } },
                "loc": { "start": { "line": 27, "column": 40 }, "end": { "line": 35, "column": 1 } }
            }
        },
        "branchMap": {
            "0": {
                "loc": { "start": { "line": 1, "column": 38 }, "end": { "line": 1, "column": null } },
                "type": "binary-expr",
                "locations": [
                    { "start": { "line": 1, "column": 38 }, "end": { "line": 1, "column": null } },
                    { "start": { "line": 1, "column": 38 }, "end": { "line": 1, "column": null } }
                ]
            },
            "1": {
                "loc": { "start": { "line": 1, "column": 38 }, "end": { "line": 1, "column": null } },
                "type": "if",
                "locations": [{ "start": { "line": 1, "column": 38 }, "end": { "line": 1, "column": null } }]
            },
            "2": {
                "loc": { "start": { "line": 32, "column": 23 }, "end": { "line": 32, "column": 63 } },
                "type": "cond-expr",
                "locations": [
                    { "start": { "line": 32, "column": 46 }, "end": { "line": 32, "column": 55 } },
                    { "start": { "line": 32, "column": 55 }, "end": { "line": 32, "column": 63 } }
                ]
            }
        },
        "s": { "0": 54, "1": 6, "2": 18, "3": 18, "4": 18, "5": 18, "6": 6, "7": 18, "8": 18, "9": 6, "10": 12 },
        "f": { "0": 12, "1": 18, "2": 18, "3": 18, "4": 18, "5": 18 },
        "b": { "0": [12, 6], "1": [6], "2": [0, 18] }
    },
    "/Users/ahmed/WebstormProjects/memory-mania/client/src/components/ThemedAppContainer.tsx": {
        "path": "/Users/ahmed/WebstormProjects/memory-mania/client/src/components/ThemedAppContainer.tsx",
        "statementMap": {
            "0": { "start": { "line": 3, "column": 34 }, "end": { "line": 5, "column": null } },
            "1": { "start": { "line": 5, "column": 33 }, "end": { "line": 5, "column": 61 } }
        },
        "fnMap": {
            "0": {
                "name": "(anonymous_0)",
                "decl": { "start": { "line": 5, "column": 24 }, "end": { "line": 5, "column": 33 } },
                "loc": { "start": { "line": 5, "column": 33 }, "end": { "line": 5, "column": 61 } }
            }
        },
        "branchMap": {},
        "s": { "0": 6, "1": 12 },
        "f": { "0": 12 },
        "b": {}
    },
    "/Users/ahmed/WebstormProjects/memory-mania/client/src/components/Timer.tsx": {
        "path": "/Users/ahmed/WebstormProjects/memory-mania/client/src/components/Timer.tsx",
        "statementMap": {
            "0": { "start": { "line": 1, "column": 0 }, "end": { "line": 1, "column": null } },
            "1": { "start": { "line": 7, "column": 23 }, "end": { "line": 7, "column": null } },
            "2": { "start": { "line": 17, "column": 2 }, "end": { "line": 7, "column": 23 } },
            "3": { "start": { "line": 19, "column": 13 }, "end": { "line": 19, "column": null } },
            "4": { "start": { "line": 21, "column": 2 }, "end": { "line": 19, "column": 13 } },
            "5": { "start": { "line": 28, "column": 21 }, "end": { "line": 31, "column": null } },
            "6": { "start": { "line": 33, "column": 23 }, "end": { "line": 33, "column": null } },
            "7": { "start": { "line": 33, "column": 43 }, "end": { "line": 33, "column": null } },
            "8": { "start": { "line": 35, "column": 4 }, "end": { "line": 40, "column": null } },
            "9": { "start": { "line": 42, "column": 1 }, "end": { "line": 27, "column": 29 } },
            "10": { "start": { "line": 27, "column": 29 }, "end": { "line": 27, "column": 30 } }
        },
        "fnMap": {
            "0": {
                "name": "(anonymous_0)",
                "decl": { "start": { "line": 1, "column": 0 }, "end": { "line": 1, "column": null } },
                "loc": { "start": { "line": 1, "column": 0 }, "end": { "line": 1, "column": null } }
            },
            "1": {
                "name": "Timer",
                "decl": { "start": { "line": 27, "column": 24 }, "end": { "line": 27, "column": 29 } },
                "loc": { "start": { "line": 27, "column": 50 }, "end": { "line": 42, "column": 1 } }
            },
            "2": {
                "name": "(anonymous_2)",
                "decl": { "start": { "line": 33, "column": 23 }, "end": { "line": 33, "column": 24 } },
                "loc": { "start": { "line": 33, "column": 43 }, "end": { "line": 33, "column": null } }
            }
        },
        "branchMap": {
            "0": {
                "loc": { "start": { "line": 1, "column": 0 }, "end": { "line": 1, "column": null } },
                "type": "binary-expr",
                "locations": [
                    { "start": { "line": 1, "column": 0 }, "end": { "line": 1, "column": null } },
                    { "start": { "line": 1, "column": 0 }, "end": { "line": 1, "column": null } }
                ]
            },
            "1": {
                "loc": { "start": { "line": 1, "column": 0 }, "end": { "line": 1, "column": null } },
                "type": "if",
                "locations": [{ "start": { "line": 1, "column": 0 }, "end": { "line": 1, "column": null } }]
            },
            "2": {
                "loc": { "start": { "line": 33, "column": 43 }, "end": { "line": 33, "column": null } },
                "type": "cond-expr",
                "locations": [
                    { "start": { "line": 33, "column": 57 }, "end": { "line": 33, "column": 70 } },
                    { "start": { "line": 33, "column": 70 }, "end": { "line": 33, "column": null } }
                ]
            }
        },
        "s": { "0": 60, "1": 6, "2": 6, "3": 6, "4": 6, "5": 12, "6": 12, "7": 24, "8": 12, "9": 6, "10": 18 },
        "f": { "0": 18, "1": 12, "2": 24 },
        "b": { "0": [12, 6], "1": [6], "2": [20, 4] }
    },
    "/Users/ahmed/WebstormProjects/memory-mania/client/src/components/UserCard.tsx": {
        "path": "/Users/ahmed/WebstormProjects/memory-mania/client/src/components/UserCard.tsx",
        "statementMap": {
            "0": { "start": { "line": 7, "column": 24 }, "end": { "line": 7, "column": null } },
            "1": { "start": { "line": 14, "column": 2 }, "end": { "line": 7, "column": 24 } },
            "2": { "start": { "line": 16, "column": 16 }, "end": { "line": 16, "column": null } },
            "3": { "start": { "line": 20, "column": 2 }, "end": { "line": 16, "column": 16 } },
            "4": { "start": { "line": 21, "column": 17 }, "end": { "line": 21, "column": null } },
            "5": { "start": { "line": 25, "column": 2 }, "end": { "line": 21, "column": 17 } },
            "6": { "start": { "line": 27, "column": 19 }, "end": { "line": 28, "column": null } },
            "7": { "start": { "line": 28, "column": 23 }, "end": { "line": 28, "column": 59 } },
            "8": { "start": { "line": 29, "column": 2 }, "end": { "line": 27, "column": 19 } },
            "9": { "start": { "line": 51, "column": 55 }, "end": { "line": 51, "column": null } },
            "10": { "start": { "line": 52, "column": 42 }, "end": { "line": 52, "column": null } },
            "11": { "start": { "line": 55, "column": 8 }, "end": { "line": 60, "column": null } },
            "12": { "start": { "line": 64, "column": 24 }, "end": { "line": 67, "column": null } },
            "13": { "start": { "line": 70, "column": 4 }, "end": { "line": 75, "column": null } },
            "14": { "start": { "line": 77, "column": 1 }, "end": { "line": 51, "column": 33 } },
            "15": { "start": { "line": 51, "column": 32 }, "end": { "line": null, "column": -1 } },
            "16": { "start": { "line": 51, "column": 32 }, "end": { "line": 51, "column": 33 } }
        },
        "fnMap": {
            "0": {
                "name": "(anonymous_1)",
                "decl": { "start": { "line": 28, "column": 13 }, "end": { "line": 28, "column": 23 } },
                "loc": { "start": { "line": 28, "column": 23 }, "end": { "line": 28, "column": 59 } }
            },
            "1": {
                "name": "UserCard",
                "decl": { "start": { "line": 51, "column": 24 }, "end": { "line": 51, "column": 32 } },
                "loc": { "start": { "line": 51, "column": 55 }, "end": { "line": 77, "column": 1 } }
            }
        },
        "branchMap": {
            "0": {
                "loc": { "start": { "line": 28, "column": 23 }, "end": { "line": 28, "column": 59 } },
                "type": "cond-expr",
                "locations": [
                    { "start": { "line": 28, "column": 42 }, "end": { "line": 28, "column": 52 } },
                    { "start": { "line": 28, "column": 52 }, "end": { "line": 28, "column": 59 } }
                ]
            },
            "1": {
                "loc": { "start": { "line": 64, "column": 24 }, "end": { "line": 67, "column": null } },
                "type": "binary-expr",
                "locations": [
                    { "start": { "line": 64, "column": 24 }, "end": { "line": 64, "column": null } },
                    { "start": { "line": 65, "column": 8 }, "end": { "line": 67, "column": null } }
                ]
            },
            "2": {
                "loc": { "start": { "line": 73, "column": 13 }, "end": { "line": 73, "column": null } },
                "type": "cond-expr",
                "locations": [
                    { "start": { "line": 73, "column": 32 }, "end": { "line": 73, "column": 79 } },
                    { "start": { "line": 73, "column": 79 }, "end": { "line": 73, "column": null } }
                ]
            }
        },
        "s": {
            "0": 6,
            "1": 6,
            "2": 6,
            "3": 6,
            "4": 6,
            "5": 6,
            "6": 6,
            "7": 0,
            "8": 6,
            "9": 24,
            "10": 24,
            "11": 24,
            "12": 24,
            "13": 24,
            "14": 6,
            "15": 6,
            "16": 30
        },
        "f": { "0": 0, "1": 24 },
        "b": { "0": [0, 0], "1": [24, 0], "2": [12, 12] }
    },
    "/Users/ahmed/WebstormProjects/memory-mania/client/src/components/tests/App.test.tsx": {
        "path": "/Users/ahmed/WebstormProjects/memory-mania/client/src/components/tests/App.test.tsx",
        "statementMap": {},
        "fnMap": {},
        "branchMap": {},
        "s": {},
        "f": {},
        "b": {}
    },
    "/Users/ahmed/WebstormProjects/memory-mania/client/src/components/tests/Main.test.tsx": {
        "path": "/Users/ahmed/WebstormProjects/memory-mania/client/src/components/tests/Main.test.tsx",
        "statementMap": {},
        "fnMap": {},
        "branchMap": {},
        "s": {},
        "f": {},
        "b": {}
    },
    "/Users/ahmed/WebstormProjects/memory-mania/client/src/components/tests/NameDropdown.test.tsx": {
        "path": "/Users/ahmed/WebstormProjects/memory-mania/client/src/components/tests/NameDropdown.test.tsx",
        "statementMap": {},
        "fnMap": {},
        "branchMap": {},
        "s": {},
        "f": {},
        "b": {}
    },
    "/Users/ahmed/WebstormProjects/memory-mania/client/src/components/tests/TestCountdown.test.tsx": {
        "path": "/Users/ahmed/WebstormProjects/memory-mania/client/src/components/tests/TestCountdown.test.tsx",
        "statementMap": {},
        "fnMap": {},
        "branchMap": {},
        "s": {},
        "f": {},
        "b": {}
    },
    "/Users/ahmed/WebstormProjects/memory-mania/client/src/components/tests/UserCard.test.tsx": {
        "path": "/Users/ahmed/WebstormProjects/memory-mania/client/src/components/tests/UserCard.test.tsx",
        "statementMap": {},
        "fnMap": {},
        "branchMap": {},
        "s": {},
        "f": {},
        "b": {}
    },
    "/Users/ahmed/WebstormProjects/memory-mania/client/src/context/AuthContext.tsx": {
        "path": "/Users/ahmed/WebstormProjects/memory-mania/client/src/context/AuthContext.tsx",
        "statementMap": {
            "0": { "start": { "line": 14, "column": 39 }, "end": { "line": 19, "column": null } },
            "1": { "start": { "line": 17, "column": 17 }, "end": { "line": 17, "column": null } },
            "2": { "start": { "line": 21, "column": 27 }, "end": { "line": 21, "column": 56 } },
            "3": { "start": { "line": 21, "column": 56 }, "end": { "line": 21, "column": 27 } },
            "4": { "start": { "line": 23, "column": 63 }, "end": { "line": 23, "column": null } },
            "5": { "start": { "line": 24, "column": 30 }, "end": { "line": 24, "column": null } },
            "6": { "start": { "line": 26, "column": 4 }, "end": { "line": 34, "column": null } },
            "7": { "start": { "line": 27, "column": 27 }, "end": { "line": 27, "column": null } },
            "8": { "start": { "line": 28, "column": 8 }, "end": { "line": 33, "column": null } },
            "9": { "start": { "line": 29, "column": 36 }, "end": { "line": 29, "column": null } },
            "10": { "start": { "line": 30, "column": 12 }, "end": { "line": 32, "column": null } },
            "11": { "start": { "line": 31, "column": 16 }, "end": { "line": 31, "column": null } },
            "12": { "start": { "line": 31, "column": 39 }, "end": { "line": 31, "column": 85 } },
            "13": { "start": { "line": 36, "column": 18 }, "end": { "line": 46, "column": null } },
            "14": { "start": { "line": 37, "column": 8 }, "end": { "line": 45, "column": null } },
            "15": { "start": { "line": 38, "column": 26 }, "end": { "line": 38, "column": null } },
            "16": { "start": { "line": 39, "column": 29 }, "end": { "line": 39, "column": null } },
            "17": { "start": { "line": 40, "column": 12 }, "end": { "line": 40, "column": null } },
            "18": { "start": { "line": 41, "column": 12 }, "end": { "line": 41, "column": null } },
            "19": { "start": { "line": 42, "column": 12 }, "end": { "line": 42, "column": null } },
            "20": { "start": { "line": 44, "column": 12 }, "end": { "line": 44, "column": null } },
            "21": { "start": { "line": 48, "column": 19 }, "end": { "line": 51, "column": null } },
            "22": { "start": { "line": 49, "column": 8 }, "end": { "line": 49, "column": null } },
            "23": { "start": { "line": 50, "column": 8 }, "end": { "line": 50, "column": null } },
            "24": { "start": { "line": 50, "column": 31 }, "end": { "line": 50, "column": 84 } },
            "25": { "start": { "line": 53, "column": 4 }, "end": { "line": 53, "column": null } },
            "26": { "start": { "line": 54, "column": 1 }, "end": { "line": 23, "column": 37 } },
            "27": { "start": { "line": 23, "column": 36 }, "end": { "line": null, "column": -1 } },
            "28": { "start": { "line": 23, "column": 36 }, "end": { "line": 23, "column": 37 } }
        },
        "fnMap": {
            "0": {
                "name": "(anonymous_1)",
                "decl": { "start": { "line": 17, "column": 11 }, "end": { "line": 17, "column": 17 } },
                "loc": { "start": { "line": 17, "column": 17 }, "end": { "line": 17, "column": null } }
            },
            "1": {
                "name": "(anonymous_2)",
                "decl": { "start": { "line": 18, "column": 12 }, "end": { "line": 18, "column": 18 } },
                "loc": { "start": { "line": 18, "column": 18 }, "end": { "line": 18, "column": null } }
            },
            "2": {
                "name": "AuthProvider",
                "decl": { "start": { "line": 23, "column": 24 }, "end": { "line": 23, "column": 36 } },
                "loc": { "start": { "line": 23, "column": 63 }, "end": { "line": 54, "column": 1 } }
            },
            "3": {
                "name": "(anonymous_4)",
                "decl": { "start": { "line": 26, "column": 20 }, "end": { "line": 26, "column": 26 } },
                "loc": { "start": { "line": 26, "column": 26 }, "end": { "line": 34, "column": 7 } }
            },
            "4": {
                "name": "(anonymous_5)",
                "decl": { "start": { "line": 31, "column": 25 }, "end": { "line": 31, "column": 39 } },
                "loc": { "start": { "line": 31, "column": 39 }, "end": { "line": 31, "column": 85 } }
            },
            "5": {
                "name": "(anonymous_6)",
                "decl": { "start": { "line": 36, "column": 18 }, "end": { "line": 36, "column": 19 } },
                "loc": { "start": { "line": 36, "column": 58 }, "end": { "line": 46, "column": null } }
            },
            "6": {
                "name": "(anonymous_7)",
                "decl": { "start": { "line": 48, "column": 19 }, "end": { "line": 48, "column": 25 } },
                "loc": { "start": { "line": 48, "column": 25 }, "end": { "line": 51, "column": null } }
            },
            "7": {
                "name": "(anonymous_8)",
                "decl": { "start": { "line": 50, "column": 17 }, "end": { "line": 50, "column": 31 } },
                "loc": { "start": { "line": 50, "column": 31 }, "end": { "line": 50, "column": 84 } }
            }
        },
        "branchMap": {
            "0": {
                "loc": { "start": { "line": 28, "column": 8 }, "end": { "line": 33, "column": null } },
                "type": "if",
                "locations": [{ "start": { "line": 28, "column": 8 }, "end": { "line": 33, "column": null } }]
            },
            "1": {
                "loc": { "start": { "line": 30, "column": 12 }, "end": { "line": 32, "column": null } },
                "type": "if",
                "locations": [{ "start": { "line": 30, "column": 12 }, "end": { "line": 32, "column": null } }]
            },
            "2": {
                "loc": { "start": { "line": 37, "column": 8 }, "end": { "line": 45, "column": null } },
                "type": "if",
                "locations": [
                    { "start": { "line": 37, "column": 8 }, "end": { "line": 45, "column": null } },
                    { "start": { "line": 43, "column": 15 }, "end": { "line": 45, "column": null } }
                ]
            },
            "3": {
                "loc": { "start": { "line": 37, "column": 12 }, "end": { "line": 37, "column": 56 } },
                "type": "binary-expr",
                "locations": [
                    { "start": { "line": 37, "column": 12 }, "end": { "line": 37, "column": 31 } },
                    { "start": { "line": 37, "column": 31 }, "end": { "line": 37, "column": 56 } }
                ]
            }
        },
        "s": {
            "0": 6,
            "1": 0,
            "2": 6,
            "3": 6,
            "4": 20,
            "5": 20,
            "6": 20,
            "7": 12,
            "8": 12,
            "9": 2,
            "10": 2,
            "11": 2,
            "12": 3,
            "13": 20,
            "14": 3,
            "15": 3,
            "16": 3,
            "17": 3,
            "18": 3,
            "19": 3,
            "20": 0,
            "21": 20,
            "22": 0,
            "23": 0,
            "24": 0,
            "25": 20,
            "26": 6,
            "27": 6,
            "28": 12
        },
        "f": { "0": 0, "1": 0, "2": 20, "3": 12, "4": 3, "5": 3, "6": 0, "7": 0 },
        "b": { "0": [2], "1": [2], "2": [3, 0], "3": [3, 3] }
    },
    "/Users/ahmed/WebstormProjects/memory-mania/client/src/context/ThemeContext.tsx": {
        "path": "/Users/ahmed/WebstormProjects/memory-mania/client/src/context/ThemeContext.tsx",
        "statementMap": {
            "0": { "start": { "line": 12, "column": 40 }, "end": { "line": 15, "column": null } },
            "1": { "start": { "line": 21, "column": 28 }, "end": { "line": 21, "column": null } },
            "2": { "start": { "line": 23, "column": 65 }, "end": { "line": 23, "column": null } },
            "3": { "start": { "line": 24, "column": 30 }, "end": { "line": 24, "column": null } },
            "4": { "start": { "line": 26, "column": 24 }, "end": { "line": 28, "column": null } },
            "5": { "start": { "line": 27, "column": 8 }, "end": { "line": 27, "column": null } },
            "6": { "start": { "line": 30, "column": 4 }, "end": { "line": 33, "column": null } },
            "7": { "start": { "line": 35, "column": 1 }, "end": { "line": 23, "column": 38 } },
            "8": { "start": { "line": 23, "column": 37 }, "end": { "line": null, "column": -1 } },
            "9": { "start": { "line": 23, "column": 37 }, "end": { "line": 23, "column": 38 } }
        },
        "fnMap": {
            "0": {
                "name": "(anonymous_1)",
                "decl": { "start": { "line": 14, "column": 17 }, "end": { "line": 14, "column": 23 } },
                "loc": { "start": { "line": 14, "column": 23 }, "end": { "line": 14, "column": null } }
            },
            "1": {
                "name": "ThemeProvider",
                "decl": { "start": { "line": 23, "column": 24 }, "end": { "line": 23, "column": 37 } },
                "loc": { "start": { "line": 23, "column": 65 }, "end": { "line": 35, "column": 1 } }
            },
            "2": {
                "name": "(anonymous_3)",
                "decl": { "start": { "line": 26, "column": 24 }, "end": { "line": 26, "column": 30 } },
                "loc": { "start": { "line": 26, "column": 30 }, "end": { "line": 28, "column": null } }
            }
        },
        "branchMap": {
            "0": {
                "loc": { "start": { "line": 27, "column": 17 }, "end": { "line": 27, "column": 62 } },
                "type": "cond-expr",
                "locations": [
                    { "start": { "line": 27, "column": 40 }, "end": { "line": 27, "column": 52 } },
                    { "start": { "line": 27, "column": 52 }, "end": { "line": 27, "column": 62 } }
                ]
            }
        },
        "s": { "0": 6, "1": 6, "2": 12, "3": 12, "4": 12, "5": 0, "6": 12, "7": 6, "8": 6, "9": 6 },
        "f": { "0": 0, "1": 12, "2": 0 },
        "b": { "0": [0, 0] }
    },
    "/Users/ahmed/WebstormProjects/memory-mania/client/src/context/tests/AuthContext.test.tsx": {
        "path": "/Users/ahmed/WebstormProjects/memory-mania/client/src/context/tests/AuthContext.test.tsx",
        "statementMap": {},
        "fnMap": {},
        "branchMap": {},
        "s": {},
        "f": {},
        "b": {}
    },
    "/Users/ahmed/WebstormProjects/memory-mania/client/src/hooks/useAuthState.ts": {
        "path": "/Users/ahmed/WebstormProjects/memory-mania/client/src/hooks/useAuthState.ts",
        "statementMap": {
            "0": { "start": { "line": 5, "column": 28 }, "end": { "line": 13, "column": null } },
            "1": { "start": { "line": 6, "column": 20 }, "end": { "line": 6, "column": null } },
            "2": { "start": { "line": 8, "column": 4 }, "end": { "line": 10, "column": null } },
            "3": { "start": { "line": 9, "column": 8 }, "end": { "line": 9, "column": null } },
            "4": { "start": { "line": 12, "column": 4 }, "end": { "line": 12, "column": null } }
        },
        "fnMap": {
            "0": {
                "name": "(anonymous_0)",
                "decl": { "start": { "line": 5, "column": 28 }, "end": { "line": 5, "column": 34 } },
                "loc": { "start": { "line": 5, "column": 34 }, "end": { "line": 13, "column": null } }
            }
        },
        "branchMap": {
            "0": {
                "loc": { "start": { "line": 8, "column": 4 }, "end": { "line": 10, "column": null } },
                "type": "if",
                "locations": [{ "start": { "line": 8, "column": 4 }, "end": { "line": 10, "column": null } }]
            }
        },
        "s": { "0": 6, "1": 68, "2": 68, "3": 0, "4": 68 },
        "f": { "0": 68 },
        "b": { "0": [0] }
    },
    "/Users/ahmed/WebstormProjects/memory-mania/client/src/hooks/useGameState.ts": {
        "path": "/Users/ahmed/WebstormProjects/memory-mania/client/src/hooks/useGameState.ts",
        "statementMap": {
            "0": { "start": { "line": 26, "column": 23 }, "end": { "line": 26, "column": null } },
            "1": { "start": { "line": 27, "column": 43 }, "end": { "line": 27, "column": null } },
            "2": { "start": { "line": 28, "column": 42 }, "end": { "line": 28, "column": null } },
            "3": { "start": { "line": 29, "column": 38 }, "end": { "line": 29, "column": null } },
            "4": { "start": { "line": 30, "column": 29 }, "end": { "line": 30, "column": null } },
            "5": { "start": { "line": 36, "column": 28 }, "end": { "line": 174, "column": null } },
            "6": { "start": { "line": 37, "column": 31 }, "end": { "line": 37, "column": null } },
            "7": { "start": { "line": 38, "column": 31 }, "end": { "line": 38, "column": null } },
            "8": { "start": { "line": 39, "column": 44 }, "end": { "line": 39, "column": null } },
            "9": { "start": { "line": 40, "column": 52 }, "end": { "line": 40, "column": null } },
            "10": { "start": { "line": 41, "column": 44 }, "end": { "line": 41, "column": null } },
            "11": { "start": { "line": 42, "column": 42 }, "end": { "line": 42, "column": null } },
            "12": { "start": { "line": 43, "column": 50 }, "end": { "line": 43, "column": null } },
            "13": { "start": { "line": 44, "column": 56 }, "end": { "line": 44, "column": null } },
            "14": { "start": { "line": 50, "column": 8 }, "end": { "line": 50, "column": null } },
            "15": { "start": { "line": 55, "column": 8 }, "end": { "line": 55, "column": null } },
            "16": { "start": { "line": 61, "column": 8 }, "end": { "line": 61, "column": null } },
            "17": { "start": { "line": 62, "column": 26 }, "end": { "line": 64, "column": null } },
            "18": { "start": { "line": 63, "column": 8 }, "end": { "line": 63, "column": null } },
            "19": { "start": { "line": 66, "column": 31 }, "end": { "line": 69, "column": null } },
            "20": { "start": { "line": 67, "column": 8 }, "end": { "line": 67, "column": null } },
            "21": { "start": { "line": 68, "column": 8 }, "end": { "line": 68, "column": null } },
            "22": { "start": { "line": 72, "column": 8 }, "end": { "line": 72, "column": null } },
            "23": { "start": { "line": 73, "column": 8 }, "end": { "line": 73, "column": null } },
            "24": { "start": { "line": 74, "column": 8 }, "end": { "line": 74, "column": null } },
            "25": { "start": { "line": 75, "column": 8 }, "end": { "line": 75, "column": null } },
            "26": { "start": { "line": 76, "column": 8 }, "end": { "line": 76, "column": null } },
            "27": { "start": { "line": 77, "column": 8 }, "end": { "line": 77, "column": null } },
            "28": { "start": { "line": 78, "column": 8 }, "end": { "line": 78, "column": null } },
            "29": { "start": { "line": 79, "column": 8 }, "end": { "line": 79, "column": null } },
            "30": { "start": { "line": 84, "column": 36 }, "end": { "line": 84, "column": null } },
            "31": { "start": { "line": 85, "column": 8 }, "end": { "line": 85, "column": null } },
            "32": { "start": { "line": 86, "column": 8 }, "end": { "line": 86, "column": null } },
            "33": { "start": { "line": 90, "column": 8 }, "end": { "line": 90, "column": null } },
            "34": { "start": { "line": 91, "column": 8 }, "end": { "line": 91, "column": null } },
            "35": { "start": { "line": 96, "column": 51 }, "end": { "line": 111, "column": null } },
            "36": { "start": { "line": 97, "column": 33 }, "end": { "line": 97, "column": null } },
            "37": { "start": { "line": 97, "column": 70 }, "end": { "line": 97, "column": 101 } },
            "38": { "start": { "line": 98, "column": 12 }, "end": { "line": 110, "column": null } },
            "39": { "start": { "line": 99, "column": 38 }, "end": { "line": 99, "column": null } },
            "40": { "start": { "line": 100, "column": 16 }, "end": { "line": 103, "column": null } },
            "41": { "start": { "line": 106, "column": 16 }, "end": { "line": 109, "column": null } },
            "42": { "start": { "line": 112, "column": 8 }, "end": { "line": 112, "column": null } },
            "43": { "start": { "line": 113, "column": 8 }, "end": { "line": 113, "column": null } },
            "44": { "start": { "line": 117, "column": 8 }, "end": { "line": 127, "column": null } },
            "45": { "start": { "line": 120, "column": 30 }, "end": { "line": 120, "column": null } },
            "46": { "start": { "line": 120, "column": 65 }, "end": { "line": 120, "column": 79 } },
            "47": { "start": { "line": 121, "column": 12 }, "end": { "line": 125, "column": null } },
            "48": { "start": { "line": 122, "column": 16 }, "end": { "line": 122, "column": null } },
            "49": { "start": { "line": 124, "column": 16 }, "end": { "line": 124, "column": null } },
            "50": { "start": { "line": 126, "column": 12 }, "end": { "line": 126, "column": null } },
            "51": { "start": { "line": 131, "column": 8 }, "end": { "line": 131, "column": null } },
            "52": { "start": { "line": 132, "column": 8 }, "end": { "line": 132, "column": null } },
            "53": { "start": { "line": 133, "column": 8 }, "end": { "line": 133, "column": null } },
            "54": { "start": { "line": 134, "column": 8 }, "end": { "line": 134, "column": null } },
            "55": { "start": { "line": 135, "column": 8 }, "end": { "line": 135, "column": null } },
            "56": { "start": { "line": 136, "column": 8 }, "end": { "line": 136, "column": null } },
            "57": { "start": { "line": 137, "column": 8 }, "end": { "line": 137, "column": null } },
            "58": { "start": { "line": 137, "column": 52 }, "end": { "line": 137, "column": 104 } },
            "59": { "start": { "line": 138, "column": 8 }, "end": { "line": 138, "column": null } },
            "60": { "start": { "line": 142, "column": 8 }, "end": { "line": 142, "column": null } },
            "61": { "start": { "line": 142, "column": 43 }, "end": { "line": 142, "column": 57 } },
            "62": { "start": { "line": 145, "column": 4 }, "end": { "line": 173, "column": null } }
        },
        "fnMap": {
            "0": {
                "name": "(anonymous_0)",
                "decl": { "start": { "line": 36, "column": 28 }, "end": { "line": 36, "column": 34 } },
                "loc": { "start": { "line": 36, "column": 34 }, "end": { "line": 174, "column": null } }
            },
            "1": {
                "name": "(anonymous_1)",
                "decl": { "start": { "line": 62, "column": 26 }, "end": { "line": 62, "column": 27 } },
                "loc": { "start": { "line": 62, "column": 52 }, "end": { "line": 64, "column": null } }
            },
            "2": {
                "name": "(anonymous_2)",
                "decl": { "start": { "line": 66, "column": 31 }, "end": { "line": 66, "column": 32 } },
                "loc": { "start": { "line": 66, "column": 50 }, "end": { "line": 69, "column": null } }
            },
            "3": {
                "name": "handleGameRestart",
                "decl": { "start": { "line": 71, "column": 13 }, "end": { "line": 71, "column": 33 } },
                "loc": { "start": { "line": 71, "column": 33 }, "end": { "line": 80, "column": null } }
            },
            "4": {
                "name": "handleTestCountdown",
                "decl": { "start": { "line": 82, "column": 13 }, "end": { "line": 82, "column": 35 } },
                "loc": { "start": { "line": 82, "column": 35 }, "end": { "line": 87, "column": null } }
            },
            "5": {
                "name": "handleTestStart",
                "decl": { "start": { "line": 89, "column": 13 }, "end": { "line": 89, "column": 31 } },
                "loc": { "start": { "line": 89, "column": 31 }, "end": { "line": 92, "column": null } }
            },
            "6": {
                "name": "handleTestSubmit",
                "decl": { "start": { "line": 94, "column": 13 }, "end": { "line": 94, "column": 32 } },
                "loc": { "start": { "line": 94, "column": 32 }, "end": { "line": 114, "column": null } }
            },
            "7": {
                "name": "(anonymous_7)",
                "decl": { "start": { "line": 96, "column": 68 }, "end": { "line": 96, "column": 82 } },
                "loc": { "start": { "line": 96, "column": 82 }, "end": { "line": 111, "column": 9 } }
            },
            "8": {
                "name": "(anonymous_8)",
                "decl": { "start": { "line": 97, "column": 50 }, "end": { "line": 97, "column": 51 } },
                "loc": { "start": { "line": 97, "column": 70 }, "end": { "line": 97, "column": 101 } }
            },
            "9": {
                "name": "handleNameEntered",
                "decl": { "start": { "line": 116, "column": 13 }, "end": { "line": 116, "column": 31 } },
                "loc": { "start": { "line": 116, "column": 57 }, "end": { "line": 128, "column": null } }
            },
            "10": {
                "name": "(anonymous_10)",
                "decl": { "start": { "line": 117, "column": 24 }, "end": { "line": 117, "column": 44 } },
                "loc": { "start": { "line": 117, "column": 44 }, "end": { "line": 127, "column": 9 } }
            },
            "11": {
                "name": "(anonymous_11)",
                "decl": { "start": { "line": 120, "column": 57 }, "end": { "line": 120, "column": 65 } },
                "loc": { "start": { "line": 120, "column": 65 }, "end": { "line": 120, "column": 79 } }
            },
            "12": {
                "name": "handleGameNextLevel",
                "decl": { "start": { "line": 130, "column": 13 }, "end": { "line": 130, "column": 35 } },
                "loc": { "start": { "line": 130, "column": 35 }, "end": { "line": 139, "column": null } }
            },
            "13": {
                "name": "(anonymous_13)",
                "decl": { "start": { "line": 137, "column": 28 }, "end": { "line": 137, "column": 52 } },
                "loc": { "start": { "line": 137, "column": 52 }, "end": { "line": 137, "column": 104 } }
            },
            "14": {
                "name": "getScore",
                "decl": { "start": { "line": 141, "column": 13 }, "end": { "line": 141, "column": 24 } },
                "loc": { "start": { "line": 141, "column": 24 }, "end": { "line": 143, "column": null } }
            },
            "15": {
                "name": "(anonymous_15)",
                "decl": { "start": { "line": 142, "column": 35 }, "end": { "line": 142, "column": 43 } },
                "loc": { "start": { "line": 142, "column": 43 }, "end": { "line": 142, "column": 57 } }
            }
        },
        "branchMap": {
            "0": {
                "loc": { "start": { "line": 38, "column": 31 }, "end": { "line": 38, "column": null } },
                "type": "cond-expr",
                "locations": [
                    { "start": { "line": 38, "column": 52 }, "end": { "line": 38, "column": 83 } },
                    { "start": { "line": 38, "column": 83 }, "end": { "line": 38, "column": null } }
                ]
            },
            "1": {
                "loc": { "start": { "line": 98, "column": 12 }, "end": { "line": 110, "column": null } },
                "type": "if",
                "locations": [
                    { "start": { "line": 98, "column": 12 }, "end": { "line": 110, "column": null } },
                    { "start": { "line": 104, "column": 19 }, "end": { "line": 110, "column": null } }
                ]
            },
            "2": {
                "loc": { "start": { "line": 121, "column": 12 }, "end": { "line": 125, "column": null } },
                "type": "if",
                "locations": [
                    { "start": { "line": 121, "column": 12 }, "end": { "line": 125, "column": null } },
                    { "start": { "line": 123, "column": 19 }, "end": { "line": 125, "column": null } }
                ]
            }
        },
        "s": {
            "0": 6,
            "1": 6,
            "2": 6,
            "3": 6,
            "4": 6,
            "5": 6,
            "6": 18,
            "7": 18,
            "8": 18,
            "9": 18,
            "10": 18,
            "11": 18,
            "12": 18,
            "13": 18,
            "14": 18,
            "15": 18,
            "16": 18,
            "17": 18,
            "18": 0,
            "19": 18,
            "20": 0,
            "21": 0,
            "22": 0,
            "23": 0,
            "24": 0,
            "25": 0,
            "26": 0,
            "27": 0,
            "28": 0,
            "29": 0,
            "30": 1,
            "31": 1,
            "32": 1,
            "33": 1,
            "34": 1,
            "35": 0,
            "36": 0,
            "37": 0,
            "38": 0,
            "39": 0,
            "40": 0,
            "41": 0,
            "42": 0,
            "43": 0,
            "44": 0,
            "45": 0,
            "46": 0,
            "47": 0,
            "48": 0,
            "49": 0,
            "50": 0,
            "51": 0,
            "52": 0,
            "53": 0,
            "54": 0,
            "55": 0,
            "56": 0,
            "57": 0,
            "58": 0,
            "59": 0,
            "60": 0,
            "61": 0,
            "62": 18
        },
        "f": {
            "0": 18,
            "1": 0,
            "2": 0,
            "3": 0,
            "4": 1,
            "5": 1,
            "6": 0,
            "7": 0,
            "8": 0,
            "9": 0,
            "10": 0,
            "11": 0,
            "12": 0,
            "13": 0,
            "14": 0,
            "15": 0
        },
        "b": { "0": [0, 18], "1": [0, 0], "2": [0, 0] }
    },
    "/Users/ahmed/WebstormProjects/memory-mania/client/src/hooks/useRandomUsers.ts": {
        "path": "/Users/ahmed/WebstormProjects/memory-mania/client/src/hooks/useRandomUsers.ts",
        "statementMap": {
            "0": { "start": { "line": 19, "column": 38 }, "end": { "line": 19, "column": null } },
            "1": { "start": { "line": 21, "column": 30 }, "end": { "line": 47, "column": null } },
            "2": { "start": { "line": 26, "column": 42 }, "end": { "line": 26, "column": null } },
            "3": { "start": { "line": 27, "column": 38 }, "end": { "line": 27, "column": null } },
            "4": { "start": { "line": 29, "column": 4 }, "end": { "line": 44, "column": null } },
            "5": { "start": { "line": 30, "column": 8 }, "end": { "line": 30, "column": null } },
            "6": { "start": { "line": 30, "column": 30 }, "end": { "line": 30, "column": null } },
            "7": { "start": { "line": 35, "column": 23 }, "end": { "line": 35, "column": null } },
            "8": { "start": { "line": 36, "column": 23 }, "end": { "line": 36, "column": null } },
            "9": { "start": { "line": 37, "column": 28 }, "end": { "line": 37, "column": null } },
            "10": { "start": { "line": 38, "column": 26 }, "end": { "line": 38, "column": null } },
            "11": { "start": { "line": 39, "column": 8 }, "end": { "line": 43, "column": null } },
            "12": { "start": { "line": 40, "column": 12 }, "end": { "line": 40, "column": null } },
            "13": { "start": { "line": 41, "column": 12 }, "end": { "line": 41, "column": null } },
            "14": { "start": { "line": 42, "column": 12 }, "end": { "line": 42, "column": null } },
            "15": { "start": { "line": 46, "column": 4 }, "end": { "line": 46, "column": null } }
        },
        "fnMap": {
            "0": {
                "name": "(anonymous_0)",
                "decl": { "start": { "line": 21, "column": 30 }, "end": { "line": 21, "column": null } },
                "loc": { "start": { "line": 25, "column": 5 }, "end": { "line": 47, "column": null } }
            },
            "1": {
                "name": "(anonymous_1)",
                "decl": { "start": { "line": 29, "column": 20 }, "end": { "line": 29, "column": 26 } },
                "loc": { "start": { "line": 29, "column": 26 }, "end": { "line": 44, "column": 7 } }
            },
            "2": {
                "name": "(anonymous_2)",
                "decl": { "start": { "line": 39, "column": 69 }, "end": { "line": 39, "column": 77 } },
                "loc": { "start": { "line": 39, "column": 77 }, "end": { "line": 43, "column": 9 } }
            }
        },
        "branchMap": {
            "0": {
                "loc": { "start": { "line": 30, "column": 8 }, "end": { "line": 30, "column": null } },
                "type": "if",
                "locations": [{ "start": { "line": 30, "column": 8 }, "end": { "line": 30, "column": null } }]
            }
        },
        "s": {
            "0": 6,
            "1": 6,
            "2": 18,
            "3": 18,
            "4": 18,
            "5": 5,
            "6": 1,
            "7": 4,
            "8": 4,
            "9": 4,
            "10": 4,
            "11": 4,
            "12": 3,
            "13": 3,
            "14": 3,
            "15": 18
        },
        "f": { "0": 18, "1": 5, "2": 3 },
        "b": { "0": [1] }
    },
    "/Users/ahmed/WebstormProjects/memory-mania/client/src/hooks/useTheme.ts": {
        "path": "/Users/ahmed/WebstormProjects/memory-mania/client/src/hooks/useTheme.ts",
        "statementMap": {
            "0": { "start": { "line": 5, "column": 24 }, "end": { "line": 13, "column": null } },
            "1": { "start": { "line": 6, "column": 20 }, "end": { "line": 6, "column": null } },
            "2": { "start": { "line": 8, "column": 4 }, "end": { "line": 10, "column": null } },
            "3": { "start": { "line": 9, "column": 8 }, "end": { "line": 9, "column": null } },
            "4": { "start": { "line": 12, "column": 4 }, "end": { "line": 12, "column": null } }
        },
        "fnMap": {
            "0": {
                "name": "(anonymous_0)",
                "decl": { "start": { "line": 5, "column": 24 }, "end": { "line": 5, "column": 30 } },
                "loc": { "start": { "line": 5, "column": 30 }, "end": { "line": 13, "column": null } }
            }
        },
        "branchMap": {
            "0": {
                "loc": { "start": { "line": 8, "column": 4 }, "end": { "line": 10, "column": null } },
                "type": "if",
                "locations": [{ "start": { "line": 8, "column": 4 }, "end": { "line": 10, "column": null } }]
            }
        },
        "s": { "0": 6, "1": 18, "2": 18, "3": 0, "4": 18 },
        "f": { "0": 18 },
        "b": { "0": [0] }
    },
    "/Users/ahmed/WebstormProjects/memory-mania/client/src/hooks/useTimer.ts": {
        "path": "/Users/ahmed/WebstormProjects/memory-mania/client/src/hooks/useTimer.ts",
        "statementMap": {
            "0": { "start": { "line": 4, "column": 64 }, "end": { "line": 4, "column": null } },
            "1": { "start": { "line": 5, "column": 38 }, "end": { "line": 5, "column": null } },
            "2": { "start": { "line": 7, "column": 23 }, "end": { "line": 9, "column": null } },
            "3": { "start": { "line": 8, "column": 8 }, "end": { "line": 8, "column": null } },
            "4": { "start": { "line": 11, "column": 23 }, "end": { "line": 14, "column": null } },
            "5": { "start": { "line": 12, "column": 8 }, "end": { "line": 12, "column": null } },
            "6": { "start": { "line": 13, "column": 8 }, "end": { "line": 13, "column": null } },
            "7": { "start": { "line": 16, "column": 4 }, "end": { "line": 31, "column": null } },
            "8": { "start": { "line": 17, "column": 8 }, "end": { "line": 17, "column": null } },
            "9": { "start": { "line": 17, "column": 24 }, "end": { "line": 17, "column": null } },
            "10": { "start": { "line": 19, "column": 44 }, "end": { "line": 19, "column": null } },
            "11": { "start": { "line": 20, "column": 22 }, "end": { "line": 28, "column": null } },
            "12": { "start": { "line": 21, "column": 12 }, "end": { "line": 27, "column": null } },
            "13": { "start": { "line": 22, "column": 16 }, "end": { "line": 22, "column": null } },
            "14": { "start": { "line": 22, "column": 54 }, "end": { "line": 22, "column": 66 } },
            "15": { "start": { "line": 24, "column": 16 }, "end": { "line": 24, "column": null } },
            "16": { "start": { "line": 25, "column": 16 }, "end": { "line": 25, "column": null } },
            "17": { "start": { "line": 26, "column": 16 }, "end": { "line": 26, "column": null } },
[...]
                "type": "if",
                "locations": [{ "start": { "line": 83, "column": 8 }, "end": { "line": 92, "column": null } }]
            },
            "1": {
                "loc": { "start": { "line": 103, "column": 8 }, "end": { "line": 105, "column": null } },
                "type": "if",
                "locations": [{ "start": { "line": 103, "column": 8 }, "end": { "line": 105, "column": null } }]
            },
            "2": {
                "loc": { "start": { "line": 141, "column": 17 }, "end": { "line": 144, "column": null } },
                "type": "binary-expr",
                "locations": [
                    { "start": { "line": 141, "column": 17 }, "end": { "line": 141, "column": null } },
                    { "start": { "line": 142, "column": 20 }, "end": { "line": 144, "column": null } }
                ]
            }
        },
        "s": {
            "0": 6,
            "1": 6,
            "2": 6,
            "3": 6,
            "4": 6,
            "5": 6,
            "6": 6,
            "7": 6,
            "8": 6,
            "9": 6,
            "10": 6,
            "11": 6,
            "12": 6,
            "13": 6,
            "14": 44,
            "15": 44,
            "16": 44,
            "17": 44,
            "18": 44,
            "19": 44,
            "20": 44,
            "21": 44,
            "22": 11,
            "23": 3,
            "24": 3,
            "25": 44,
            "26": 3,
            "27": 3,
            "28": 44,
            "29": 3,
            "30": 3,
            "31": 0,
            "32": 44,
            "33": 12,
            "34": 0,
            "35": 6,
            "36": 4,
            "37": 6,
            "38": 48
        },
        "f": { "0": 44, "1": 11, "2": 3, "3": 3, "4": 3, "5": 12, "6": 0, "7": 4 },
        "b": { "0": [3], "1": [0], "2": [44, 36] }
    },
    "/Users/ahmed/WebstormProjects/memory-mania/client/src/routes/PrivateRoute.tsx": {
        "path": "/Users/ahmed/WebstormProjects/memory-mania/client/src/routes/PrivateRoute.tsx",
        "statementMap": {
            "0": { "start": { "line": 5, "column": 21 }, "end": { "line": 8, "column": 2 } },
            "1": { "start": { "line": 5, "column": 27 }, "end": { "line": 5, "column": null } },
            "2": { "start": { "line": 6, "column": 32 }, "end": { "line": 6, "column": null } },
            "3": { "start": { "line": 7, "column": 4 }, "end": { "line": 7, "column": null } },
            "4": { "start": { "line": 8, "column": 2 }, "end": { "line": 6, "column": 45 } },
            "5": { "start": { "line": 5, "column": 18 }, "end": { "line": 6, "column": 45 } },
            "6": { "start": { "line": 6, "column": 44 }, "end": { "line": 5, "column": 18 } },
            "7": { "start": { "line": 10, "column": 28 }, "end": { "line": 10, "column": null } }
        },
        "fnMap": {
            "0": {
                "name": "(anonymous_1)",
                "decl": { "start": { "line": 5, "column": 21 }, "end": { "line": 5, "column": 27 } },
                "loc": { "start": { "line": 5, "column": 27 }, "end": { "line": 8, "column": 2 } }
            },
            "1": {
                "name": "(anonymous_2)",
                "decl": { "start": { "line": 5, "column": 18 }, "end": { "line": 5, "column": 21 } },
                "loc": { "start": { "line": 5, "column": 18 }, "end": { "line": 6, "column": 45 } }
            }
        },
        "branchMap": {
            "0": {
                "loc": { "start": { "line": 7, "column": 11 }, "end": { "line": 7, "column": null } },
                "type": "cond-expr",
                "locations": [
                    { "start": { "line": 7, "column": 29 }, "end": { "line": 7, "column": 42 } },
                    { "start": { "line": 7, "column": 42 }, "end": { "line": 7, "column": null } }
                ]
            }
        },
        "s": { "0": 6, "1": 12, "2": 12, "3": 12, "4": 6, "5": 5, "6": 6, "7": 6 },
        "f": { "0": 12, "1": 5 },
        "b": { "0": [4, 8] }
    },
    "/Users/ahmed/WebstormProjects/memory-mania/client/src/routes/Profile.tsx": {
        "path": "/Users/ahmed/WebstormProjects/memory-mania/client/src/routes/Profile.tsx",
        "statementMap": {
            "0": { "start": { "line": 1, "column": 38 }, "end": { "line": 1, "column": null } },
            "1": { "start": { "line": 6, "column": 23 }, "end": { "line": 6, "column": null } },
            "2": { "start": { "line": 16, "column": 2 }, "end": { "line": 6, "column": 23 } },
            "3": { "start": { "line": 18, "column": 25 }, "end": { "line": 18, "column": null } },
            "4": { "start": { "line": 25, "column": 2 }, "end": { "line": 18, "column": 25 } },
            "5": { "start": { "line": 27, "column": 14 }, "end": { "line": 27, "column": null } },
            "6": { "start": { "line": 29, "column": 2 }, "end": { "line": 27, "column": 14 } },
            "7": { "start": { "line": 31, "column": 20 }, "end": { "line": 31, "column": null } },
            "8": { "start": { "line": 35, "column": 2 }, "end": { "line": 31, "column": 20 } },
            "9": { "start": { "line": 37, "column": 17 }, "end": { "line": 37, "column": null } },
            "10": { "start": { "line": 40, "column": 2 }, "end": { "line": 37, "column": 17 } },
            "11": { "start": { "line": 44, "column": 24 }, "end": { "line": 50, "column": null } },
            "12": { "start": { "line": 52, "column": 4 }, "end": { "line": 67, "column": null } },
            "13": { "start": { "line": 69, "column": 1 }, "end": { "line": 42, "column": 31 } },
            "14": { "start": { "line": 42, "column": 31 }, "end": { "line": 42, "column": 34 } }
        },
        "fnMap": {
            "0": {
                "name": "(anonymous_0)",
                "decl": { "start": { "line": 1, "column": 38 }, "end": { "line": 1, "column": null } },
                "loc": { "start": { "line": 1, "column": 38 }, "end": { "line": 1, "column": null } }
            },
            "1": {
                "name": "Profile",
                "decl": { "start": { "line": 42, "column": 24 }, "end": { "line": 42, "column": 31 } },
                "loc": { "start": { "line": 42, "column": 34 }, "end": { "line": 69, "column": 1 } }
            }
        },
        "branchMap": {
            "0": {
                "loc": { "start": { "line": 1, "column": 38 }, "end": { "line": 1, "column": null } },
                "type": "binary-expr",
                "locations": [
                    { "start": { "line": 1, "column": 38 }, "end": { "line": 1, "column": null } },
                    { "start": { "line": 1, "column": 38 }, "end": { "line": 1, "column": null } }
                ]
            },
            "1": {
                "loc": { "start": { "line": 1, "column": 38 }, "end": { "line": 1, "column": null } },
                "type": "if",
                "locations": [{ "start": { "line": 1, "column": 38 }, "end": { "line": 1, "column": null } }]
            }
        },
        "s": {
            "0": 78,
            "1": 6,
            "2": 6,
            "3": 6,
            "4": 6,
            "5": 6,
            "6": 6,
            "7": 6,
            "8": 6,
            "9": 6,
            "10": 6,
            "11": 0,
            "12": 0,
            "13": 6,
            "14": 36
        },
        "f": { "0": 36, "1": 0 },
        "b": { "0": [12, 6], "1": [6] }
    },
    "/Users/ahmed/WebstormProjects/memory-mania/client/src/routes/StartMenu.tsx": {
        "path": "/Users/ahmed/WebstormProjects/memory-mania/client/src/routes/StartMenu.tsx",
        "statementMap": {
            "0": { "start": { "line": 9, "column": 24 }, "end": { "line": 16, "column": null } },
            "1": { "start": { "line": 16, "column": 27 }, "end": { "line": 16, "column": 55 } },
            "2": { "start": { "line": 17, "column": 2 }, "end": { "line": 9, "column": 24 } },
            "3": { "start": { "line": 19, "column": 18 }, "end": { "line": 23, "column": null } },
            "4": { "start": { "line": 23, "column": 22 }, "end": { "line": 23, "column": 40 } },
            "5": { "start": { "line": 24, "column": 2 }, "end": { "line": 19, "column": 18 } },
            "6": { "start": { "line": 26, "column": 19 }, "end": { "line": 39, "column": null } },
            "7": { "start": { "line": 28, "column": 33 }, "end": { "line": 28, "column": 71 } },
            "8": { "start": { "line": 29, "column": 22 }, "end": { "line": 29, "column": 40 } },
            "9": { "start": { "line": 39, "column": 37 }, "end": { "line": 39, "column": 80 } },
            "10": { "start": { "line": 41, "column": 2 }, "end": { "line": 26, "column": 19 } },
            "11": { "start": { "line": 43, "column": 36 }, "end": { "line": 43, "column": null } },
            "12": { "start": { "line": 44, "column": 21 }, "end": { "line": 44, "column": null } },
            "13": { "start": { "line": 45, "column": 52 }, "end": { "line": 45, "column": null } },
            "14": { "start": { "line": 48, "column": 8 }, "end": { "line": 48, "column": null } },
            "15": { "start": { "line": 48, "column": 52 }, "end": { "line": 48, "column": 73 } },
            "16": { "start": { "line": 52, "column": 8 }, "end": { "line": 52, "column": null } },
            "17": { "start": { "line": 56, "column": 8 }, "end": { "line": 56, "column": null } },
            "18": { "start": { "line": 59, "column": 4 }, "end": { "line": 73, "column": null } },
            "19": { "start": { "line": 75, "column": 1 }, "end": { "line": 44, "column": 33 } },
            "20": { "start": { "line": 43, "column": 33 }, "end": { "line": 44, "column": 33 } },
            "21": { "start": { "line": 44, "column": 32 }, "end": { "line": 43, "column": 33 } },
            "22": { "start": { "line": 43, "column": 33 }, "end": { "line": 43, "column": 36 } }
        },
        "fnMap": {
            "0": {
                "name": "(anonymous_1)",
                "decl": { "start": { "line": 16, "column": 18 }, "end": { "line": 16, "column": 27 } },
                "loc": { "start": { "line": 16, "column": 27 }, "end": { "line": 16, "column": 55 } }
            },
            "1": {
                "name": "(anonymous_2)",
                "decl": { "start": { "line": 23, "column": 13 }, "end": { "line": 23, "column": 22 } },
                "loc": { "start": { "line": 23, "column": 22 }, "end": { "line": 23, "column": 40 } }
            },
            "2": {
                "name": "(anonymous_3)",
                "decl": { "start": { "line": 28, "column": 24 }, "end": { "line": 28, "column": 33 } },
                "loc": { "start": { "line": 28, "column": 33 }, "end": { "line": 28, "column": 71 } }
            },
            "3": {
                "name": "(anonymous_4)",
                "decl": { "start": { "line": 29, "column": 13 }, "end": { "line": 29, "column": 22 } },
                "loc": { "start": { "line": 29, "column": 22 }, "end": { "line": 29, "column": 40 } }
            },
            "4": {
                "name": "(anonymous_5)",
                "decl": { "start": { "line": 39, "column": 28 }, "end": { "line": 39, "column": 37 } },
                "loc": { "start": { "line": 39, "column": 37 }, "end": { "line": 39, "column": 80 } }
            },
            "5": {
                "name": "StartMenu",
                "decl": { "start": { "line": 43, "column": 24 }, "end": { "line": 43, "column": 33 } },
                "loc": { "start": { "line": 43, "column": 36 }, "end": { "line": 75, "column": 1 } }
            },
            "6": {
                "name": "toggleInstructions",
                "decl": { "start": { "line": 47, "column": 13 }, "end": { "line": 47, "column": 34 } },
                "loc": { "start": { "line": 47, "column": 34 }, "end": { "line": 49, "column": null } }
            },
            "7": {
                "name": "(anonymous_8)",
                "decl": { "start": { "line": 48, "column": 28 }, "end": { "line": 48, "column": 52 } },
                "loc": { "start": { "line": 48, "column": 52 }, "end": { "line": 48, "column": 73 } }
            },
            "8": {
                "name": "handleProfile",
                "decl": { "start": { "line": 51, "column": 13 }, "end": { "line": 51, "column": 29 } },
                "loc": { "start": { "line": 51, "column": 29 }, "end": { "line": 53, "column": null } }
            },
            "9": {
                "name": "handleStartGame",
                "decl": { "start": { "line": 55, "column": 13 }, "end": { "line": 55, "column": 31 } },
                "loc": { "start": { "line": 55, "column": 31 }, "end": { "line": 57, "column": null } }
            },
            "10": {
                "name": "(anonymous_11)",
                "decl": { "start": { "line": 43, "column": 33 }, "end": { "line": 43, "column": 36 } },
                "loc": { "start": { "line": 43, "column": 33 }, "end": { "line": 44, "column": 33 } }
            }
        },
        "branchMap": {
            "0": {
                "loc": { "start": { "line": 72, "column": 13 }, "end": { "line": 72, "column": null } },
                "type": "binary-expr",
                "locations": [
                    { "start": { "line": 72, "column": 13 }, "end": { "line": 72, "column": 33 } },
                    { "start": { "line": 72, "column": 33 }, "end": { "line": 72, "column": null } }
                ]
            }
        },
        "s": {
            "0": 6,
            "1": 18,
            "2": 6,
            "3": 6,
            "4": 18,
            "5": 6,
            "6": 6,
            "7": 54,
            "8": 54,
            "9": 54,
            "10": 6,
            "11": 18,
            "12": 18,
            "13": 18,
            "14": 0,
            "15": 0,
            "16": 0,
            "17": 6,
            "18": 18,
            "19": 6,
            "20": 6,
            "21": 6,
            "22": 24
        },
        "f": { "0": 18, "1": 18, "2": 54, "3": 54, "4": 54, "5": 18, "6": 0, "7": 0, "8": 0, "9": 6, "10": 6 },
        "b": { "0": [18, 0] }
    },
    "/Users/ahmed/WebstormProjects/memory-mania/client/src/utils/apiHelper.ts": {
        "path": "/Users/ahmed/WebstormProjects/memory-mania/client/src/utils/apiHelper.ts",
        "statementMap": {
            "0": { "start": { "line": 6, "column": 4 }, "end": { "line": 15, "column": null } },
            "1": { "start": { "line": 7, "column": 25 }, "end": { "line": 7, "column": null } },
            "2": { "start": { "line": 8, "column": 8 }, "end": { "line": 10, "column": null } },
            "3": { "start": { "line": 9, "column": 12 }, "end": { "line": 9, "column": null } },
            "4": { "start": { "line": 11, "column": 8 }, "end": { "line": 11, "column": null } },
            "5": { "start": { "line": 13, "column": 27 }, "end": { "line": 13, "column": null } },
            "6": { "start": { "line": 14, "column": 8 }, "end": { "line": 14, "column": null } }
        },
        "fnMap": {
            "0": {
                "name": "tryFetchData",
                "decl": { "start": { "line": 5, "column": 22 }, "end": { "line": 5, "column": 35 } },
                "loc": { "start": { "line": 5, "column": 87 }, "end": { "line": 16, "column": null } }
            }
        },
        "branchMap": {
            "0": {
                "loc": { "start": { "line": 5, "column": 51 }, "end": { "line": 5, "column": 87 } },
                "type": "default-arg",
                "locations": [{ "start": { "line": 5, "column": 83 }, "end": { "line": 5, "column": 87 } }]
            },
            "1": {
                "loc": { "start": { "line": 8, "column": 8 }, "end": { "line": 10, "column": null } },
                "type": "if",
                "locations": [{ "start": { "line": 8, "column": 8 }, "end": { "line": 10, "column": null } }]
            }
        },
        "s": { "0": 6, "1": 6, "2": 3, "3": 0, "4": 3, "5": 0, "6": 0 },
        "f": { "0": 6 },
        "b": { "0": [4], "1": [0] }
    },
    "/Users/ahmed/WebstormProjects/memory-mania/client/src/utils/manipulation.ts": {
        "path": "/Users/ahmed/WebstormProjects/memory-mania/client/src/utils/manipulation.ts",
        "statementMap": {
            "0": { "start": { "line": 4, "column": 21 }, "end": { "line": 4, "column": null } },
            "1": { "start": { "line": 5, "column": 4 }, "end": { "line": 8, "column": null } },
            "2": { "start": { "line": 5, "column": 17 }, "end": { "line": 5, "column": 38 } },
            "3": { "start": { "line": 6, "column": 18 }, "end": { "line": 6, "column": null } },
            "4": { "start": { "line": 7, "column": 8 }, "end": { "line": 7, "column": null } },
            "5": { "start": { "line": 9, "column": 4 }, "end": { "line": 9, "column": null } },
            "6": { "start": { "line": 28, "column": 25 }, "end": { "line": 28, "column": null } },
            "7": { "start": { "line": 29, "column": 38 }, "end": { "line": 29, "column": null } },
            "8": { "start": { "line": 31, "column": 4 }, "end": { "line": 44, "column": null } },
            "9": { "start": { "line": 32, "column": 24 }, "end": { "line": 32, "column": null } },
            "10": { "start": { "line": 35, "column": 8 }, "end": { "line": 37, "column": null } },
            "11": { "start": { "line": 36, "column": 12 }, "end": { "line": 36, "column": null } },
            "12": { "start": { "line": 38, "column": 8 }, "end": { "line": 38, "column": null } },
            "13": { "start": { "line": 39, "column": 8 }, "end": { "line": 39, "column": null } },
            "14": { "start": { "line": 41, "column": 8 }, "end": { "line": 43, "column": null } },
            "15": { "start": { "line": 42, "column": 12 }, "end": { "line": 42, "column": null } },
            "16": { "start": { "line": 45, "column": 4 }, "end": { "line": 45, "column": null } }
        },
        "fnMap": {
            "0": {
                "name": "shuffleArray",
                "decl": { "start": { "line": 3, "column": 16 }, "end": { "line": 3, "column": 32 } },
                "loc": { "start": { "line": 3, "column": 49 }, "end": { "line": 10, "column": null } }
            },
            "1": {
                "name": "getDistinctUsers",
                "decl": { "start": { "line": 25, "column": 16 }, "end": { "line": 25, "column": 33 } },
                "loc": { "start": { "line": 25, "column": 77 }, "end": { "line": 46, "column": null } }
            }
        },
        "branchMap": {
            "0": {
                "loc": { "start": { "line": 35, "column": 8 }, "end": { "line": 37, "column": null } },
                "type": "if",
                "locations": [{ "start": { "line": 35, "column": 8 }, "end": { "line": 37, "column": null } }]
            },
            "1": {
                "loc": { "start": { "line": 41, "column": 8 }, "end": { "line": 43, "column": null } },
                "type": "if",
                "locations": [{ "start": { "line": 41, "column": 8 }, "end": { "line": 43, "column": null } }]
            }
        },
        "s": {
            "0": 1,
            "1": 1,
            "2": 1,
            "3": 2,
            "4": 2,
            "5": 1,
            "6": 3,
            "7": 3,
            "8": 3,
            "9": 9,
            "10": 9,
            "11": 0,
            "12": 9,
            "13": 9,
            "14": 9,
            "15": 3,
            "16": 3
        },
        "f": { "0": 1, "1": 3 },
        "b": { "0": [0], "1": [3] }
    },
    "/Users/ahmed/WebstormProjects/memory-mania/client/src/utils/tests/manipulation.test.ts": {
        "path": "/Users/ahmed/WebstormProjects/memory-mania/client/src/utils/tests/manipulation.test.ts",
        "statementMap": {},
        "fnMap": {},
        "branchMap": {},
        "s": {},
        "f": {},
        "b": {}
    }
}
