TN:
SF:src/App.tsx
FN:36,App
FN:39,(anonymous_2)
FN:40,(anonymous_3)
FN:51,(anonymous_4)
FN:36,(anonymous_5)
FNF:5
FNH:5
FNDA:18,App
FNDA:42,(anonymous_2)
FNDA:42,(anonymous_3)
FNDA:10,(anonymous_4)
FNDA:2,(anonymous_5)
DA:15,6
DA:22,6
DA:24,6
DA:31,6
DA:33,6
DA:34,6
DA:36,18
DA:37,18
DA:38,18
DA:39,42
DA:40,18
DA:41,42
DA:51,18
DA:52,10
DA:53,2
DA:56,18
DA:57,4
DA:60,14
DA:104,6
LF:19
LH:19
BRDA:38,0,0,18
BRDA:38,0,1,10
BRDA:38,0,2,6
BRDA:52,1,0,8
BRDA:56,2,0,4
BRDA:64,3,0,4
BRDA:64,3,1,10
BRDA:72,4,0,14
BRDA:72,4,1,4
BRDA:80,5,0,14
BRDA:80,5,1,6
BRDA:86,6,0,14
BRDA:86,6,1,0
BRDA:93,7,0,0
BRDA:93,7,1,0
BRF:15
BRH:12
end_of_record
TN:
SF:src/main.tsx
FNF:0
FNH:0
DA:15,6
DA:17,6
LF:2
LH:2
BRDA:15,0,0,6
BRDA:15,0,1,0
BRF:2
BRH:1
end_of_record
TN:
SF:src/themes.ts
FNF:0
FNH:0
DA:10,6
DA:18,6
LF:2
LH:2
BRF:0
BRH:0
end_of_record
TN:
SF:src/components/Button.tsx
FNF:0
FNH:0
DA:3,6
LF:1
LH:1
BRF:0
BRH:0
end_of_record
TN:
SF:src/components/Instructions.tsx
FN:1,(anonymous_0)
FN:39,Instructions
FNF:2
FNH:1
FNDA:24,(anonymous_0)
FNDA:0,Instructions
DA:1,66
DA:3,6
DA:14,6
DA:16,6
DA:22,6
DA:24,6
DA:33,6
DA:39,24
DA:40,0
DA:54,6
LF:10
LH:9
BRDA:1,0,0,12
BRDA:1,0,1,6
BRDA:1,1,0,6
BRF:3
BRH:3
end_of_record
TN:
SF:src/components/Leaderboard.tsx
FNF:0
FNH:0
LF:0
LH:0
BRF:0
BRH:0
end_of_record
TN:
SF:src/components/LoadingSpinner.tsx
FN:1,(anonymous_0)
FN:121,LoadingSpinner
FNF:2
FNH:2
FNDA:24,(anonymous_0)
FNDA:4,LoadingSpinner
DA:1,66
DA:3,6
DA:9,6
DA:11,6
DA:20,6
DA:113,6
DA:115,6
DA:119,6
DA:121,24
DA:122,4
DA:137,6
LF:11
LH:11
BRDA:1,0,0,12
BRDA:1,0,1,6
BRDA:1,1,0,6
BRF:3
BRH:3
end_of_record
TN:
SF:src/components/NameDropdown.tsx
FN:35,NameDropdown
FN:41,(anonymous_2)
FN:51,(anonymous_3)
FNF:3
FNH:2
FNDA:12,NameDropdown
FNDA:36,(anonymous_2)
FNDA:0,(anonymous_3)
DA:5,6
DA:19,6
DA:35,12
DA:36,12
DA:40,12
DA:41,12
DA:42,36
DA:47,12
DA:52,0
DA:53,0
DA:55,0
DA:56,0
DA:57,0
DA:63,6
LF:14
LH:9
BRF:0
BRH:0
end_of_record
TN:
SF:src/components/Navbar.tsx
FN:15,(anonymous_1)
FN:29,(anonymous_2)
FN:64,Navbar
FN:68,handleProfile
FN:64,(anonymous_5)
FNF:5
FNH:4
FNDA:12,(anonymous_1)
FNDA:12,(anonymous_2)
FNDA:12,Navbar
FNDA:0,handleProfile
FNDA:2,(anonymous_5)
DA:11,6
DA:15,12
DA:20,6
DA:22,6
DA:29,12
DA:30,6
DA:32,6
DA:36,6
DA:38,6
DA:43,6
DA:45,6
DA:49,6
DA:51,6
DA:54,6
DA:56,6
DA:62,6
DA:64,48
DA:65,12
DA:66,12
DA:69,0
DA:72,12
DA:96,6
LF:22
LH:21
BRDA:29,0,0,12
BRDA:29,0,1,12
BRDA:79,1,0,12
BRDA:79,1,1,12
BRDA:80,2,0,12
BRDA:80,2,1,0
BRF:6
BRH:5
end_of_record
TN:
SF:src/components/ScoreMessage.tsx
FN:1,(anonymous_0)
FN:24,ScoreMessage
FNF:2
FNH:1
FNDA:18,(anonymous_0)
FNDA:0,ScoreMessage
DA:1,60
DA:3,6
DA:10,6
DA:12,6
DA:16,6
DA:24,18
DA:25,0
DA:26,0
DA:31,6
LF:9
LH:7
BRDA:1,0,0,12
BRDA:1,0,1,6
BRDA:1,1,0,6
BRF:3
BRH:3
end_of_record
TN:
SF:src/components/TestCountdown.tsx
FN:42,TestCountdown
FN:49,(anonymous_2)
FN:55,(anonymous_3)
FN:71,(anonymous_4)
FN:42,(anonymous_5)
FNF:5
FNH:4
FNDA:4,TestCountdown
FNDA:2,(anonymous_2)
FNDA:0,(anonymous_3)
FNDA:1,(anonymous_4)
FNDA:1,(anonymous_5)
DA:10,6
DA:19,6
DA:21,6
DA:24,6
DA:26,6
DA:29,6
DA:40,6
DA:42,24
DA:43,4
DA:44,6
DA:49,4
DA:50,2
DA:51,2
DA:55,2
DA:56,0
DA:57,0
DA:61,4
DA:72,1
DA:73,1
DA:79,6
LF:20
LH:18
BRF:0
BRH:0
end_of_record
TN:
SF:src/components/ThemeSwitcher.tsx
FN:1,(anonymous_0)
FN:9,(anonymous_1)
FN:10,(anonymous_2)
FN:11,(anonymous_3)
FN:23,(anonymous_4)
FN:27,ThemeSwitcher
FNF:6
FNH:6
FNDA:12,(anonymous_0)
FNDA:18,(anonymous_1)
FNDA:18,(anonymous_2)
FNDA:18,(anonymous_3)
FNDA:18,(anonymous_4)
FNDA:18,ThemeSwitcher
DA:1,54
DA:6,6
DA:9,18
DA:10,18
DA:11,18
DA:23,18
DA:25,6
DA:27,12
DA:28,18
DA:30,18
DA:35,6
LF:11
LH:11
BRDA:1,0,0,12
BRDA:1,0,1,6
BRDA:1,1,0,6
BRDA:32,2,0,0
BRDA:32,2,1,18
BRF:5
BRH:4
end_of_record
TN:
SF:src/components/ThemedAppContainer.tsx
FN:5,(anonymous_0)
FNF:1
FNH:1
FNDA:12,(anonymous_0)
DA:3,6
DA:5,12
LF:2
LH:2
BRF:0
BRH:0
end_of_record
TN:
SF:src/components/Timer.tsx
FN:1,(anonymous_0)
FN:27,Timer
FN:33,(anonymous_2)
FNF:3
FNH:3
FNDA:18,(anonymous_0)
FNDA:12,Timer
FNDA:24,(anonymous_2)
DA:1,60
DA:7,6
DA:17,6
DA:19,6
DA:21,6
DA:27,18
DA:28,12
DA:33,24
DA:35,12
DA:42,6
LF:10
LH:10
BRDA:1,0,0,12
BRDA:1,0,1,6
BRDA:1,1,0,6
BRDA:33,2,0,20
BRDA:33,2,1,4
BRF:5
BRH:5
end_of_record
TN:
SF:src/components/UserCard.tsx
FN:28,(anonymous_1)
FN:51,UserCard
FNF:2
FNH:1
FNDA:0,(anonymous_1)
FNDA:24,UserCard
DA:7,6
DA:14,6
DA:16,6
DA:20,6
DA:21,6
DA:25,6
DA:27,6
DA:28,0
DA:29,6
DA:51,30
DA:52,24
DA:55,24
DA:64,24
DA:70,24
DA:77,6
LF:15
LH:14
BRDA:28,0,0,0
BRDA:28,0,1,0
BRDA:64,1,0,24
BRDA:64,1,1,0
BRDA:73,2,0,12
BRDA:73,2,1,12
BRF:6
BRH:3
end_of_record
TN:
SF:src/components/tests/App.test.tsx
FNF:0
FNH:0
LF:0
LH:0
BRF:0
BRH:0
end_of_record
TN:
SF:src/components/tests/Main.test.tsx
FNF:0
FNH:0
LF:0
LH:0
BRF:0
BRH:0
end_of_record
TN:
SF:src/components/tests/NameDropdown.test.tsx
FNF:0
FNH:0
LF:0
LH:0
BRF:0
BRH:0
end_of_record
TN:
SF:src/components/tests/TestCountdown.test.tsx
FNF:0
FNH:0
LF:0
LH:0
BRF:0
BRH:0
end_of_record
TN:
SF:src/components/tests/UserCard.test.tsx
FNF:0
FNH:0
LF:0
LH:0
BRF:0
BRH:0
end_of_record
TN:
SF:src/context/AuthContext.tsx
FN:17,(anonymous_1)
FN:18,(anonymous_2)
FN:23,AuthProvider
FN:26,(anonymous_4)
FN:31,(anonymous_5)
FN:36,(anonymous_6)
FN:48,(anonymous_7)
FN:50,(anonymous_8)
FNF:8
FNH:4
FNDA:0,(anonymous_1)
FNDA:0,(anonymous_2)
FNDA:20,AuthProvider
FNDA:12,(anonymous_4)
FNDA:3,(anonymous_5)
FNDA:3,(anonymous_6)
FNDA:0,(anonymous_7)
FNDA:0,(anonymous_8)
DA:14,6
DA:17,0
DA:21,6
DA:23,20
DA:24,20
DA:26,20
DA:27,12
DA:28,12
DA:29,2
DA:30,2
DA:31,3
DA:36,20
DA:37,3
DA:38,3
DA:39,3
DA:40,3
DA:41,3
DA:42,3
DA:44,0
DA:48,20
DA:49,0
DA:50,0
DA:53,20
DA:54,6
LF:24
LH:20
BRDA:28,0,0,2
BRDA:30,1,0,2
BRDA:37,2,0,3
BRDA:37,2,1,0
BRDA:37,3,0,3
BRDA:37,3,1,3
BRF:6
BRH:5
end_of_record
TN:
SF:src/context/ThemeContext.tsx
FN:14,(anonymous_1)
FN:23,ThemeProvider
FN:26,(anonymous_3)
FNF:3
FNH:1
FNDA:0,(anonymous_1)
FNDA:12,ThemeProvider
FNDA:0,(anonymous_3)
DA:12,6
DA:21,6
DA:23,12
DA:24,12
DA:26,12
DA:27,0
DA:30,12
DA:35,6
LF:8
LH:7
BRDA:27,0,0,0
BRDA:27,0,1,0
BRF:2
BRH:0
end_of_record
TN:
SF:src/context/tests/AuthContext.test.tsx
FNF:0
FNH:0
LF:0
LH:0
BRF:0
BRH:0
end_of_record
TN:
SF:src/hooks/useAuthState.ts
FN:5,(anonymous_0)
FNF:1
FNH:1
FNDA:68,(anonymous_0)
DA:5,6
DA:6,68
DA:8,68
DA:9,0
DA:12,68
LF:5
LH:4
BRDA:8,0,0,0
BRF:1
BRH:0
end_of_record
TN:
SF:src/hooks/useGameState.ts
FN:36,(anonymous_0)
FN:62,(anonymous_1)
FN:66,(anonymous_2)
FN:71,handleGameRestart
FN:82,handleTestCountdown
FN:89,handleTestStart
FN:94,handleTestSubmit
FN:96,(anonymous_7)
FN:97,(anonymous_8)
FN:116,handleNameEntered
FN:117,(anonymous_10)
FN:120,(anonymous_11)
FN:130,handleGameNextLevel
FN:137,(anonymous_13)
FN:141,getScore
FN:142,(anonymous_15)
FNF:16
FNH:3
FNDA:18,(anonymous_0)
FNDA:0,(anonymous_1)
FNDA:0,(anonymous_2)
FNDA:0,handleGameRestart
FNDA:1,handleTestCountdown
FNDA:1,handleTestStart
FNDA:0,handleTestSubmit
FNDA:0,(anonymous_7)
FNDA:0,(anonymous_8)
FNDA:0,handleNameEntered
FNDA:0,(anonymous_10)
FNDA:0,(anonymous_11)
FNDA:0,handleGameNextLevel
FNDA:0,(anonymous_13)
FNDA:0,getScore
FNDA:0,(anonymous_15)
DA:26,6
DA:27,6
DA:28,6
DA:29,6
DA:30,6
DA:36,6
DA:37,18
DA:38,18
DA:39,18
DA:40,18
DA:41,18
DA:42,18
DA:43,18
DA:44,18
DA:50,18
DA:55,18
DA:61,18
DA:62,18
DA:63,0
DA:66,18
DA:67,0
DA:68,0
DA:72,0
DA:73,0
DA:74,0
DA:75,0
DA:76,0
DA:77,0
DA:78,0
DA:79,0
DA:84,1
DA:85,1
DA:86,1
DA:90,1
DA:91,1
DA:96,0
DA:97,0
DA:98,0
DA:99,0
DA:100,0
DA:106,0
DA:112,0
DA:113,0
DA:117,0
DA:120,0
DA:121,0
DA:122,0
DA:124,0
DA:126,0
DA:131,0
DA:132,0
DA:133,0
DA:134,0
DA:135,0
DA:136,0
DA:137,0
DA:138,0
DA:142,0
DA:145,18
LF:59
LH:25
BRDA:38,0,0,0
BRDA:38,0,1,18
BRDA:98,1,0,0
BRDA:98,1,1,0
BRDA:121,2,0,0
BRDA:121,2,1,0
BRF:6
BRH:1
end_of_record
TN:
SF:src/hooks/useRandomUsers.ts
FN:21,(anonymous_0)
FN:29,(anonymous_1)
FN:39,(anonymous_2)
FNF:3
FNH:3
FNDA:18,(anonymous_0)
FNDA:5,(anonymous_1)
FNDA:3,(anonymous_2)
DA:19,6
DA:21,6
DA:26,18
DA:27,18
DA:29,18
DA:30,5
DA:35,4
DA:36,4
DA:37,4
DA:38,4
DA:39,4
DA:40,3
DA:41,3
DA:42,3
DA:46,18
LF:15
LH:15
BRDA:30,0,0,1
BRF:1
BRH:1
end_of_record
TN:
SF:src/hooks/useTheme.ts
FN:5,(anonymous_0)
FNF:1
FNH:1
FNDA:18,(anonymous_0)
DA:5,6
DA:6,18
DA:8,18
DA:9,0
DA:12,18
LF:5
LH:4
BRDA:8,0,0,0
BRF:1
BRH:0
end_of_record
TN:
SF:src/hooks/useTimer.ts
FN:3,useTimer
FN:7,(anonymous_1)
FN:11,(anonymous_2)
FN:16,(anonymous_3)
FN:20,(anonymous_4)
FN:22,(anonymous_5)
FN:30,(anonymous_6)
FNF:7
FNH:5
FNDA:40,useTimer
FNDA:5,(anonymous_1)
FNDA:1,(anonymous_2)
FNDA:23,(anonymous_3)
FNDA:0,(anonymous_4)
FNDA:0,(anonymous_5)
FNDA:4,(anonymous_6)
DA:4,40
DA:5,40
DA:7,40
DA:8,5
DA:11,40
DA:12,1
DA:13,1
DA:16,40
DA:17,23
DA:19,7
DA:20,7
DA:21,0
DA:22,0
DA:24,0
DA:25,0
DA:26,0
DA:30,7
DA:33,40
LF:18
LH:13
BRDA:17,0,0,16
BRDA:21,1,0,0
BRDA:21,1,1,0
BRDA:21,2,0,0
BRDA:21,2,1,0
BRF:5
BRH:1
end_of_record
TN:
SF:src/hooks/tests/useTimer.test.ts
FNF:0
FNH:0
LF:0
LH:0
BRF:0
BRH:0
end_of_record
TN:
SF:src/routes/Login.tsx
FN:74,Login
FN:82,(anonymous_2)
FN:95,(anonymous_3)
FN:96,(anonymous_4)
FN:99,(anonymous_5)
FN:123,(anonymous_6)
FN:135,(anonymous_7)
FN:74,(anonymous_8)
FNF:8
FNH:7
FNDA:44,Login
FNDA:11,(anonymous_2)
FNDA:3,(anonymous_3)
FNDA:3,(anonymous_4)
FNDA:3,(anonymous_5)
FNDA:12,(anonymous_6)
FNDA:0,(anonymous_7)
FNDA:4,(anonymous_8)
DA:9,6
DA:19,6
DA:21,6
DA:28,6
DA:30,6
DA:32,6
DA:34,6
DA:38,6
DA:40,6
DA:45,6
DA:47,6
DA:60,6
DA:62,6
DA:72,6
DA:74,48
DA:75,44
DA:76,44
DA:77,44
DA:78,44
DA:79,44
DA:80,44
DA:82,44
DA:83,11
DA:84,3
DA:91,3
DA:95,44
DA:96,3
DA:99,44
DA:101,3
DA:103,3
DA:104,0
DA:108,44
DA:123,12
DA:135,0
DA:149,6
LF:35
LH:33
BRDA:83,0,0,3
BRDA:103,1,0,0
BRDA:141,2,0,44
BRDA:141,2,1,36
BRF:4
BRH:3
end_of_record
TN:
SF:src/routes/PrivateRoute.tsx
FN:5,(anonymous_1)
FN:5,(anonymous_2)
FNF:2
FNH:2
FNDA:12,(anonymous_1)
FNDA:5,(anonymous_2)
DA:5,12
DA:6,12
DA:7,12
DA:8,6
DA:10,6
LF:5
LH:5
BRDA:7,0,0,4
BRDA:7,0,1,8
BRF:2
BRH:2
end_of_record
TN:
SF:src/routes/Profile.tsx
FN:1,(anonymous_0)
FN:42,Profile
FNF:2
FNH:1
FNDA:36,(anonymous_0)
FNDA:0,Profile
DA:1,78
DA:6,6
DA:16,6
DA:18,6
DA:25,6
DA:27,6
DA:29,6
DA:31,6
DA:35,6
DA:37,6
DA:40,6
DA:42,36
DA:44,0
DA:52,0
DA:69,6
LF:15
LH:13
BRDA:1,0,0,12
BRDA:1,0,1,6
BRDA:1,1,0,6
BRF:3
BRH:3
end_of_record
TN:
SF:src/routes/StartMenu.tsx
FN:16,(anonymous_1)
FN:23,(anonymous_2)
FN:28,(anonymous_3)
FN:29,(anonymous_4)
FN:39,(anonymous_5)
FN:43,StartMenu
FN:47,toggleInstructions
FN:48,(anonymous_8)
FN:51,handleProfile
FN:55,handleStartGame
FN:43,(anonymous_11)
FNF:11
FNH:8
FNDA:18,(anonymous_1)
FNDA:18,(anonymous_2)
FNDA:54,(anonymous_3)
FNDA:54,(anonymous_4)
FNDA:54,(anonymous_5)
FNDA:18,StartMenu
FNDA:0,toggleInstructions
FNDA:0,(anonymous_8)
FNDA:0,handleProfile
FNDA:6,handleStartGame
FNDA:6,(anonymous_11)
DA:9,6
DA:16,18
DA:17,6
DA:19,6
DA:23,18
DA:24,6
DA:26,6
DA:28,54
DA:29,54
DA:39,54
DA:41,6
DA:43,24
DA:44,18
DA:45,18
DA:48,0
DA:52,0
DA:56,6
DA:59,18
DA:75,6
LF:19
LH:17
BRDA:72,0,0,18
BRDA:72,0,1,0
BRF:2
BRH:1
end_of_record
TN:
SF:src/utils/apiHelper.ts
FN:5,tryFetchData
FNF:1
FNH:1
FNDA:6,tryFetchData
DA:6,6
DA:7,6
DA:8,3
DA:9,0
DA:11,3
DA:13,0
DA:14,0
LF:7
LH:4
BRDA:5,0,0,4
BRDA:8,1,0,0
BRF:2
BRH:1
end_of_record
TN:
SF:src/utils/manipulation.ts
FN:3,shuffleArray
FN:25,getDistinctUsers
FNF:2
FNH:2
FNDA:1,shuffleArray
FNDA:3,getDistinctUsers
DA:4,1
DA:5,1
DA:6,2
DA:7,2
DA:9,1
DA:28,3
DA:29,3
DA:31,3
DA:32,9
DA:35,9
DA:36,0
DA:38,9
DA:39,9
DA:41,9
DA:42,3
DA:45,3
LF:16
LH:15
BRDA:35,0,0,0
BRDA:41,1,0,3
BRF:2
BRH:1
end_of_record
TN:
SF:src/utils/tests/manipulation.test.ts
FNF:0
FNH:0
LF:0
LH:0
BRF:0
BRH:0
end_of_record
